Initializing logger
Registering providers
 Registering github.com/cosmos/cosmos-sdk/runtime.ProvideApp (/Users/dev/go/pkg/mod/github.com/cosmos/cosmos-sdk@v0.50.0-alpha.1/runtime/module.go:81)
  Registering resolver for simple type codec.Codec
  Registering resolver for simple type *codec.LegacyAmino
  Registering resolver for simple type *runtime.AppBuilder
  Registering resolver for simple type codec.ProtoCodecMarshaler
  Registering resolver for simple type *baseapp.MsgServiceRouter
  Registering resolver for one-per-module type appmodule.AppModule
  Found resolver for appmodule.AppModule: *depinject.onePerModuleResolver
  Registering resolver for simple type protodesc.Resolver
  Registering resolver for simple type protoregistry.MessageTypeResolver
 Registering resolver for many-per-container type signing.CustomGetSigner
 Registering github.com/cosmos/cosmos-sdk/runtime.ProvideInterfaceRegistry (/Users/dev/go/pkg/mod/github.com/cosmos/cosmos-sdk@v0.50.0-alpha.1/runtime/module.go:159)
  Registering resolver for simple type types.InterfaceRegistry
 Registering module-scoped provider: github.com/cosmos/cosmos-sdk/runtime.ProvideKVStoreKey (/Users/dev/go/pkg/mod/github.com/cosmos/cosmos-sdk@v0.50.0-alpha.1/runtime/module.go:201)
  Registering resolver for module-scoped type *types.KVStoreKey
 Registering module-scoped provider: github.com/cosmos/cosmos-sdk/runtime.ProvideTransientStoreKey (/Users/dev/go/pkg/mod/github.com/cosmos/cosmos-sdk@v0.50.0-alpha.1/runtime/module.go:216)
  Registering resolver for module-scoped type *types.TransientStoreKey
 Registering module-scoped provider: github.com/cosmos/cosmos-sdk/runtime.ProvideMemoryStoreKey (/Users/dev/go/pkg/mod/github.com/cosmos/cosmos-sdk@v0.50.0-alpha.1/runtime/module.go:222)
  Registering resolver for module-scoped type *types.MemoryStoreKey
 Registering github.com/cosmos/cosmos-sdk/runtime.ProvideGenesisTxHandler (/Users/dev/go/pkg/mod/github.com/cosmos/cosmos-sdk@v0.50.0-alpha.1/runtime/module.go:229)
  Registering resolver for simple type genesis.TxHandler
 Registering module-scoped provider: github.com/cosmos/cosmos-sdk/runtime.ProvideKVStoreService (/Users/dev/go/pkg/mod/github.com/cosmos/cosmos-sdk@v0.50.0-alpha.1/runtime/module.go:232)
  Registering resolver for module-scoped type store.KVStoreService
 Registering module-scoped provider: github.com/cosmos/cosmos-sdk/runtime.ProvideMemoryStoreService (/Users/dev/go/pkg/mod/github.com/cosmos/cosmos-sdk@v0.50.0-alpha.1/runtime/module.go:237)
  Registering resolver for module-scoped type store.MemoryStoreService
 Registering module-scoped provider: github.com/cosmos/cosmos-sdk/runtime.ProvideTransientStoreService (/Users/dev/go/pkg/mod/github.com/cosmos/cosmos-sdk@v0.50.0-alpha.1/runtime/module.go:242)
  Registering resolver for module-scoped type store.TransientStoreService
 Registering github.com/cosmos/cosmos-sdk/runtime.ProvideEventService (/Users/dev/go/pkg/mod/github.com/cosmos/cosmos-sdk@v0.50.0-alpha.1/runtime/module.go:247)
  Registering resolver for simple type event.Service
 Registering github.com/cosmos/cosmos-sdk/runtime.ProvideHeaderInfoService (/Users/dev/go/pkg/mod/github.com/cosmos/cosmos-sdk@v0.50.0-alpha.1/runtime/module.go:256)
  Registering resolver for simple type header.Service
 Registering github.com/cosmos/cosmos-sdk/runtime.ProvideCometInfoService (/Users/dev/go/pkg/mod/github.com/cosmos/cosmos-sdk@v0.50.0-alpha.1/runtime/module.go:252)
  Registering resolver for simple type comet.BlockInfoService
 Registering github.com/cosmos/cosmos-sdk/runtime.ProvideBasicManager (/Users/dev/go/pkg/mod/github.com/cosmos/cosmos-sdk@v0.50.0-alpha.1/runtime/module.go:260)
  Registering resolver for simple type module.BasicManager
 Registering github.com/cosmos/cosmos-sdk/x/auth.ProvideModule (/Users/dev/go/pkg/mod/github.com/cosmos/cosmos-sdk@v0.50.0-alpha.1/x/auth/module.go:257)
  Registering resolver for simple type keeper.AccountKeeper
  Found resolver for appmodule.AppModule: *depinject.onePerModuleResolver
 Registering github.com/cosmos/cosmos-sdk/x/auth.ProvideAddressCodec (/Users/dev/go/pkg/mod/github.com/cosmos/cosmos-sdk@v0.50.0-alpha.1/x/auth/module.go:217)
  Registering resolver for simple type address.Codec
  Registering resolver for simple type types.ValidatorAddressCodec
 Registering github.com/cosmos/cosmos-sdk/x/auth/vesting.ProvideModule (/Users/dev/go/pkg/mod/github.com/cosmos/cosmos-sdk@v0.50.0-alpha.1/x/auth/vesting/module.go:148)
  Found resolver for appmodule.AppModule: *depinject.onePerModuleResolver
 Implicitly registering resolver keeper.AccountKeeper for interface type types.AccountKeeper
 Registering github.com/cosmos/cosmos-sdk/x/bank.ProvideModule (/Users/dev/go/pkg/mod/github.com/cosmos/cosmos-sdk@v0.50.0-alpha.1/x/bank/module.go:235)
  Registering resolver for simple type keeper.BaseKeeper
  Found resolver for appmodule.AppModule: *depinject.onePerModuleResolver
 Implicitly registering resolver keeper.AccountKeeper for interface type types.AccountKeeper
 Implicitly registering resolver keeper.BaseKeeper for interface type types.BankKeeper
 Registering github.com/cosmos/cosmos-sdk/x/staking.ProvideModule (/Users/dev/go/pkg/mod/github.com/cosmos/cosmos-sdk@v0.50.0-alpha.1/x/staking/module.go:231)
  Registering resolver for simple type *keeper.Keeper
  Found resolver for appmodule.AppModule: *depinject.onePerModuleResolver
 Implicitly registering resolver keeper.AccountKeeper for interface type types.AccountKeeper
 Implicitly registering resolver keeper.BaseKeeper for interface type types.BankKeeper
 Implicitly registering resolver *keeper.Keeper for interface type types.StakingKeeper
 Registering github.com/cosmos/cosmos-sdk/x/slashing.ProvideModule (/Users/dev/go/pkg/mod/github.com/cosmos/cosmos-sdk@v0.50.0-alpha.1/x/slashing/module.go:251)
  Registering resolver for simple type keeper.Keeper
  Found resolver for appmodule.AppModule: *depinject.onePerModuleResolver
  Registering resolver for one-per-module type types.StakingHooksWrapper
  Found resolver for types.StakingHooksWrapper: *depinject.onePerModuleResolver
 Registering github.com/cosmos/cosmos-sdk/x/params.ProvideModule (/Users/dev/go/pkg/mod/github.com/cosmos/cosmos-sdk@v0.50.0-alpha.1/x/params/module.go:139)
  Registering resolver for simple type keeper.Keeper
  Found resolver for appmodule.AppModule: *depinject.onePerModuleResolver
  Registering resolver for many-per-container type v1beta1.HandlerRoute
  Found resolver for v1beta1.HandlerRoute: *depinject.groupResolver
 Registering resolver for one-per-module type types.KeyTable
 Registering module-scoped provider: github.com/cosmos/cosmos-sdk/x/params.ProvideSubspace (/Users/dev/go/pkg/mod/github.com/cosmos/cosmos-sdk@v0.50.0-alpha.1/x/params/module.go:156)
  Registering resolver for module-scoped type types.Subspace
 Implicitly registering resolver keeper.BaseKeeper for interface type types.BankKeeper
 Implicitly registering resolver keeper.BaseKeeper for interface type tx.BankKeeper
 Implicitly registering resolver keeper.AccountKeeper for interface type ante.AccountKeeper
 Registering github.com/cosmos/cosmos-sdk/x/auth/tx/config.ProvideModule (/Users/dev/go/pkg/mod/github.com/cosmos/cosmos-sdk@v0.50.0-alpha.1/x/auth/tx/config/config.go:64)
  Registering resolver for simple type client.TxConfig
  Registering resolver for many-per-container type runtime.BaseAppOption
  Found resolver for runtime.BaseAppOption: *depinject.groupResolver
 Registering github.com/cosmos/cosmos-sdk/x/auth/tx/config.ProvideProtoRegistry (/Users/dev/go/pkg/mod/github.com/cosmos/cosmos-sdk@v0.50.0-alpha.1/x/auth/tx/config/config.go:61)
  Registering resolver for simple type signing.ProtoFileResolver
 Implicitly registering resolver keeper.AccountKeeper for interface type types.AccountKeeper
 Implicitly registering resolver *keeper.Keeper for interface type types.StakingKeeper
 Registering github.com/cosmos/cosmos-sdk/x/genutil.ProvideModule (/Users/dev/go/pkg/mod/github.com/cosmos/cosmos-sdk@v0.50.0-alpha.1/x/genutil/module.go:145)
  Found resolver for appmodule.AppModule: *depinject.onePerModuleResolver
 Implicitly registering resolver keeper.AccountKeeper for interface type authz.AccountKeeper
 Implicitly registering resolver keeper.BaseKeeper for interface type authz.BankKeeper
 Implicitly registering resolver *baseapp.MsgServiceRouter for interface type baseapp.MessageRouter
 Registering github.com/cosmos/cosmos-sdk/x/authz/module.ProvideModule (/Users/dev/go/pkg/mod/github.com/cosmos/cosmos-sdk@v0.50.0-alpha.1/x/authz/module/module.go:189)
  Registering resolver for simple type keeper.Keeper
  Found resolver for appmodule.AppModule: *depinject.onePerModuleResolver
 Registering cosmossdk.io/x/upgrade.ProvideModule (/Users/dev/go/pkg/mod/cosmossdk.io/x/upgrade@v0.0.0-20230704191127-8d80df8e3c5a/module.go:202)
  Registering resolver for simple type *keeper.Keeper
  Found resolver for appmodule.AppModule: *depinject.onePerModuleResolver
  Found resolver for v1beta1.HandlerRoute: *depinject.groupResolver
  Found resolver for runtime.BaseAppOption: *depinject.groupResolver
 Implicitly registering resolver keeper.AccountKeeper for interface type types.AccountKeeper
 Implicitly registering resolver keeper.BaseKeeper for interface type types.BankKeeper
 Implicitly registering resolver *keeper.Keeper for interface type types.StakingKeeper
 Implicitly registering resolver types.Subspace for interface type exported.Subspace
 Registering github.com/cosmos/cosmos-sdk/x/distribution.ProvideModule (/Users/dev/go/pkg/mod/github.com/cosmos/cosmos-sdk@v0.50.0-alpha.1/x/distribution/module.go:243)
  Registering resolver for simple type keeper.Keeper
  Found resolver for appmodule.AppModule: *depinject.onePerModuleResolver
  Found resolver for types.StakingHooksWrapper: *depinject.onePerModuleResolver
 Implicitly registering resolver *keeper.Keeper for interface type types.StakingKeeper
 Implicitly registering resolver keeper.Keeper for interface type types.SlashingKeeper
 Registering cosmossdk.io/x/evidence.ProvideModule (/Users/dev/go/pkg/mod/github.com/cosmos/cosmos-sdk/x/evidence@v0.0.0-20230704160919-88f2c830b0ca/module.go:223)
  Registering resolver for simple type keeper.Keeper
  Found resolver for appmodule.AppModule: *depinject.onePerModuleResolver
 Implicitly registering resolver types.Subspace for interface type exported.Subspace
 Implicitly registering resolver keeper.AccountKeeper for interface type types.AccountKeeper
 Implicitly registering resolver keeper.BaseKeeper for interface type types.BankKeeper
 Implicitly registering resolver *keeper.Keeper for interface type types.StakingKeeper
 Registering github.com/cosmos/cosmos-sdk/x/mint.ProvideModule (/Users/dev/go/pkg/mod/github.com/cosmos/cosmos-sdk@v0.50.0-alpha.1/x/mint/module.go:239)
  Registering resolver for simple type keeper.Keeper
  Found resolver for appmodule.AppModule: *depinject.onePerModuleResolver
 Implicitly registering resolver keeper.AccountKeeper for interface type types.AccountKeeper
 Implicitly registering resolver keeper.BaseKeeper for interface type types.BankKeeper
 Implicitly registering resolver *keeper.Keeper for interface type types.StakingKeeper
 Implicitly registering resolver keeper.Keeper for interface type types.DistributionKeeper
 Implicitly registering resolver types.Subspace for interface type types.ParamSubspace
 Registering github.com/cosmos/cosmos-sdk/x/gov.ProvideModule (/Users/dev/go/pkg/mod/github.com/cosmos/cosmos-sdk@v0.50.0-alpha.1/x/gov/module.go:193)
  Found resolver for appmodule.AppModule: *depinject.onePerModuleResolver
  Registering resolver for simple type *keeper.Keeper
  Found resolver for v1beta1.HandlerRoute: *depinject.groupResolver
 Registering github.com/cosmos/cosmos-sdk/x/gov.ProvideKeyTable (/Users/dev/go/pkg/mod/github.com/cosmos/cosmos-sdk@v0.50.0-alpha.1/x/gov/module.go:222)
  Found resolver for types.KeyTable: *depinject.onePerModuleResolver
 Implicitly registering resolver keeper.BaseKeeper for interface type types.SupplyKeeper
 Implicitly registering resolver types.Subspace for interface type exported.Subspace
 Registering github.com/cosmos/cosmos-sdk/x/crisis.ProvideModule (/Users/dev/go/pkg/mod/github.com/cosmos/cosmos-sdk@v0.50.0-alpha.1/x/crisis/module.go:215)
  Found resolver for appmodule.AppModule: *depinject.onePerModuleResolver
  Registering resolver for simple type *keeper.Keeper
 Registering github.com/cosmos/cosmos-sdk/x/consensus.ProvideModule (/Users/dev/go/pkg/mod/github.com/cosmos/cosmos-sdk@v0.50.0-alpha.1/x/consensus/module.go:161)
  Registering resolver for simple type keeper.Keeper
  Found resolver for appmodule.AppModule: *depinject.onePerModuleResolver
  Found resolver for runtime.BaseAppOption: *depinject.groupResolver
 Implicitly registering resolver keeper.AccountKeeper for interface type evm.AccountKeeper
 Registering pkg.berachain.dev/polaris/cosmos/x/evm.ProvideModule (/Users/dev/go/src/workspace/polaris-workspace/polaris/cosmos/x/evm/depinject.go:68)
  Registering resolver for simple type *keeper.Keeper
  Found resolver for appmodule.AppModule: *depinject.onePerModuleResolver
 Implicitly registering resolver keeper.BaseKeeper for interface type erc20.BankKeeper
 Registering pkg.berachain.dev/polaris/cosmos/x/erc20.ProvideModule (/Users/dev/go/src/workspace/polaris-workspace/polaris/cosmos/x/erc20/depinject.go:60)
  Registering resolver for simple type *keeper.Keeper
  Found resolver for appmodule.AppModule: *depinject.onePerModuleResolver
Registering outputs
 Registering pkg.berachain.dev/polaris/cosmos/simapp/polard/cmd.NewRootCmd (/Users/dev/go/src/workspace/polaris-workspace/polaris/cosmos/simapp/polard/cmd/root.go:82)
Building container
Resolving dependencies for pkg.berachain.dev/polaris/cosmos/simapp/polard/cmd.NewRootCmd (/Users/dev/go/src/workspace/polaris-workspace/polaris/cosmos/simapp/polard/cmd/root.go:82)
 Providing types.InterfaceRegistry from github.com/cosmos/cosmos-sdk/runtime.ProvideInterfaceRegistry (/Users/dev/go/pkg/mod/github.com/cosmos/cosmos-sdk@v0.50.0-alpha.1/runtime/module.go:159) to pkg.berachain.dev/polaris/cosmos/simapp/polard/cmd.NewRootCmd
 Resolving dependencies for github.com/cosmos/cosmos-sdk/runtime.ProvideInterfaceRegistry (/Users/dev/go/pkg/mod/github.com/cosmos/cosmos-sdk@v0.50.0-alpha.1/runtime/module.go:159)
  Providing many-per-container type slice []signing.CustomGetSigner to github.com/cosmos/cosmos-sdk/runtime.ProvideInterfaceRegistry from:
 Calling github.com/cosmos/cosmos-sdk/runtime.ProvideInterfaceRegistry (/Users/dev/go/pkg/mod/github.com/cosmos/cosmos-sdk@v0.50.0-alpha.1/runtime/module.go:159)
 Providing codec.Codec from github.com/cosmos/cosmos-sdk/runtime.ProvideApp (/Users/dev/go/pkg/mod/github.com/cosmos/cosmos-sdk@v0.50.0-alpha.1/runtime/module.go:81) to pkg.berachain.dev/polaris/cosmos/simapp/polard/cmd.NewRootCmd
 Resolving dependencies for github.com/cosmos/cosmos-sdk/runtime.ProvideApp (/Users/dev/go/pkg/mod/github.com/cosmos/cosmos-sdk@v0.50.0-alpha.1/runtime/module.go:81)
  Providing types.InterfaceRegistry from github.com/cosmos/cosmos-sdk/runtime.ProvideInterfaceRegistry (/Users/dev/go/pkg/mod/github.com/cosmos/cosmos-sdk@v0.50.0-alpha.1/runtime/module.go:159) to github.com/cosmos/cosmos-sdk/runtime.ProvideApp
 Calling github.com/cosmos/cosmos-sdk/runtime.ProvideApp (/Users/dev/go/pkg/mod/github.com/cosmos/cosmos-sdk@v0.50.0-alpha.1/runtime/module.go:81)
 Providing client.TxConfig from github.com/cosmos/cosmos-sdk/x/auth/tx/config.ProvideModule (/Users/dev/go/pkg/mod/github.com/cosmos/cosmos-sdk@v0.50.0-alpha.1/x/auth/tx/config/config.go:64) to pkg.berachain.dev/polaris/cosmos/simapp/polard/cmd.NewRootCmd
 Resolving dependencies for github.com/cosmos/cosmos-sdk/x/auth/tx/config.ProvideModule (/Users/dev/go/pkg/mod/github.com/cosmos/cosmos-sdk@v0.50.0-alpha.1/x/auth/tx/config/config.go:64)
  Supplying *configv1.Config from cosmossdk.io/core/appconfig.Compose (/Users/dev/go/pkg/mod/cosmossdk.io/core@v0.9.0/appconfig/config.go:95) to github.com/cosmos/cosmos-sdk/x/auth/tx/config.ProvideModule
  Providing codec.ProtoCodecMarshaler from github.com/cosmos/cosmos-sdk/runtime.ProvideApp (/Users/dev/go/pkg/mod/github.com/cosmos/cosmos-sdk@v0.50.0-alpha.1/runtime/module.go:81) to github.com/cosmos/cosmos-sdk/x/auth/tx/config.ProvideModule
  Providing signing.ProtoFileResolver from github.com/cosmos/cosmos-sdk/x/auth/tx/config.ProvideProtoRegistry (/Users/dev/go/pkg/mod/github.com/cosmos/cosmos-sdk@v0.50.0-alpha.1/x/auth/tx/config/config.go:61) to github.com/cosmos/cosmos-sdk/x/auth/tx/config.ProvideModule
  Resolving dependencies for github.com/cosmos/cosmos-sdk/x/auth/tx/config.ProvideProtoRegistry (/Users/dev/go/pkg/mod/github.com/cosmos/cosmos-sdk@v0.50.0-alpha.1/x/auth/tx/config/config.go:61)
  Calling github.com/cosmos/cosmos-sdk/x/auth/tx/config.ProvideProtoRegistry (/Users/dev/go/pkg/mod/github.com/cosmos/cosmos-sdk@v0.50.0-alpha.1/x/auth/tx/config/config.go:61)
  Providing keeper.BaseKeeper from github.com/cosmos/cosmos-sdk/x/bank.ProvideModule (/Users/dev/go/pkg/mod/github.com/cosmos/cosmos-sdk@v0.50.0-alpha.1/x/bank/module.go:235) to github.com/cosmos/cosmos-sdk/x/auth/tx/config.ProvideModule
  Resolving dependencies for github.com/cosmos/cosmos-sdk/x/bank.ProvideModule (/Users/dev/go/pkg/mod/github.com/cosmos/cosmos-sdk@v0.50.0-alpha.1/x/bank/module.go:235)
   Supplying *modulev1.Module from cosmossdk.io/core/appconfig.Compose (/Users/dev/go/pkg/mod/cosmossdk.io/core@v0.9.0/appconfig/config.go:95) to github.com/cosmos/cosmos-sdk/x/bank.ProvideModule
   Providing codec.Codec from github.com/cosmos/cosmos-sdk/runtime.ProvideApp (/Users/dev/go/pkg/mod/github.com/cosmos/cosmos-sdk@v0.50.0-alpha.1/runtime/module.go:81) to github.com/cosmos/cosmos-sdk/x/bank.ProvideModule
   Providing store.KVStoreService from github.com/cosmos/cosmos-sdk/runtime.ProvideKVStoreService (/Users/dev/go/pkg/mod/github.com/cosmos/cosmos-sdk@v0.50.0-alpha.1/runtime/module.go:232) to github.com/cosmos/cosmos-sdk/x/bank.ProvideModule
   Resolving dependencies for github.com/cosmos/cosmos-sdk/runtime.ProvideKVStoreService (/Users/dev/go/pkg/mod/github.com/cosmos/cosmos-sdk@v0.50.0-alpha.1/runtime/module.go:232)
    Supplying *runtimev1alpha1.Module from cosmossdk.io/core/appconfig.Compose (/Users/dev/go/pkg/mod/cosmossdk.io/core@v0.9.0/appconfig/config.go:95) to github.com/cosmos/cosmos-sdk/runtime.ProvideKVStoreService
    Providing ModuleKey bank
    Providing *runtime.AppBuilder from github.com/cosmos/cosmos-sdk/runtime.ProvideApp (/Users/dev/go/pkg/mod/github.com/cosmos/cosmos-sdk@v0.50.0-alpha.1/runtime/module.go:81) to github.com/cosmos/cosmos-sdk/runtime.ProvideKVStoreService
   Calling github.com/cosmos/cosmos-sdk/runtime.ProvideKVStoreService (/Users/dev/go/pkg/mod/github.com/cosmos/cosmos-sdk@v0.50.0-alpha.1/runtime/module.go:232)
   Implicitly registering resolver log.nopLogger for interface type log.Logger
   Supplying log.nopLogger from pkg.berachain.dev/polaris/cosmos/simapp/polard/cmd.NewRootCmd (/Users/dev/go/src/workspace/polaris-workspace/polaris/cosmos/simapp/polard/cmd/root.go:82) to github.com/cosmos/cosmos-sdk/x/bank.ProvideModule
   Providing keeper.AccountKeeper from github.com/cosmos/cosmos-sdk/x/auth.ProvideModule (/Users/dev/go/pkg/mod/github.com/cosmos/cosmos-sdk@v0.50.0-alpha.1/x/auth/module.go:257) to github.com/cosmos/cosmos-sdk/x/bank.ProvideModule
   Resolving dependencies for github.com/cosmos/cosmos-sdk/x/auth.ProvideModule (/Users/dev/go/pkg/mod/github.com/cosmos/cosmos-sdk@v0.50.0-alpha.1/x/auth/module.go:257)
    Supplying *modulev1.Module from cosmossdk.io/core/appconfig.Compose (/Users/dev/go/pkg/mod/cosmossdk.io/core@v0.9.0/appconfig/config.go:95) to github.com/cosmos/cosmos-sdk/x/auth.ProvideModule
    Providing store.KVStoreService from github.com/cosmos/cosmos-sdk/runtime.ProvideKVStoreService (/Users/dev/go/pkg/mod/github.com/cosmos/cosmos-sdk@v0.50.0-alpha.1/runtime/module.go:232) to github.com/cosmos/cosmos-sdk/x/auth.ProvideModule
    Resolving dependencies for github.com/cosmos/cosmos-sdk/runtime.ProvideKVStoreService (/Users/dev/go/pkg/mod/github.com/cosmos/cosmos-sdk@v0.50.0-alpha.1/runtime/module.go:232)
     Supplying *runtimev1alpha1.Module from cosmossdk.io/core/appconfig.Compose (/Users/dev/go/pkg/mod/cosmossdk.io/core@v0.9.0/appconfig/config.go:95) to github.com/cosmos/cosmos-sdk/runtime.ProvideKVStoreService
     Providing ModuleKey auth
     Providing *runtime.AppBuilder from github.com/cosmos/cosmos-sdk/runtime.ProvideApp (/Users/dev/go/pkg/mod/github.com/cosmos/cosmos-sdk@v0.50.0-alpha.1/runtime/module.go:81) to github.com/cosmos/cosmos-sdk/runtime.ProvideKVStoreService
    Calling github.com/cosmos/cosmos-sdk/runtime.ProvideKVStoreService (/Users/dev/go/pkg/mod/github.com/cosmos/cosmos-sdk@v0.50.0-alpha.1/runtime/module.go:232)
    Providing codec.Codec from github.com/cosmos/cosmos-sdk/runtime.ProvideApp (/Users/dev/go/pkg/mod/github.com/cosmos/cosmos-sdk@v0.50.0-alpha.1/runtime/module.go:81) to github.com/cosmos/cosmos-sdk/x/auth.ProvideModule
    Providing address.Codec from github.com/cosmos/cosmos-sdk/x/auth.ProvideAddressCodec (/Users/dev/go/pkg/mod/github.com/cosmos/cosmos-sdk@v0.50.0-alpha.1/x/auth/module.go:217) to github.com/cosmos/cosmos-sdk/x/auth.ProvideModule
    Resolving dependencies for github.com/cosmos/cosmos-sdk/x/auth.ProvideAddressCodec (/Users/dev/go/pkg/mod/github.com/cosmos/cosmos-sdk@v0.50.0-alpha.1/x/auth/module.go:217)
     Supplying *modulev1.Module from cosmossdk.io/core/appconfig.Compose (/Users/dev/go/pkg/mod/cosmossdk.io/core@v0.9.0/appconfig/config.go:95) to github.com/cosmos/cosmos-sdk/x/auth.ProvideAddressCodec
     Providing zero value for optional dependency func() address.Codec
     Providing zero value for optional dependency func() types.ValidatorAddressCodec
    Calling github.com/cosmos/cosmos-sdk/x/auth.ProvideAddressCodec (/Users/dev/go/pkg/mod/github.com/cosmos/cosmos-sdk@v0.50.0-alpha.1/x/auth/module.go:217)
    Providing types.ValidatorAddressCodec from github.com/cosmos/cosmos-sdk/x/auth.ProvideAddressCodec (/Users/dev/go/pkg/mod/github.com/cosmos/cosmos-sdk@v0.50.0-alpha.1/x/auth/module.go:217) to github.com/cosmos/cosmos-sdk/x/auth.ProvideModule
    Providing zero value for optional dependency types.RandomGenesisAccountsFn
    Providing zero value for optional dependency func() types.AccountI
    Implicitly registering resolver types.Subspace for interface type exported.Subspace
    Providing types.Subspace from github.com/cosmos/cosmos-sdk/x/params.ProvideSubspace (/Users/dev/go/pkg/mod/github.com/cosmos/cosmos-sdk@v0.50.0-alpha.1/x/params/module.go:156) to github.com/cosmos/cosmos-sdk/x/auth.ProvideModule
    Resolving dependencies for github.com/cosmos/cosmos-sdk/x/params.ProvideSubspace (/Users/dev/go/pkg/mod/github.com/cosmos/cosmos-sdk@v0.50.0-alpha.1/x/params/module.go:156)
     Providing ModuleKey auth
     Providing keeper.Keeper from github.com/cosmos/cosmos-sdk/x/params.ProvideModule (/Users/dev/go/pkg/mod/github.com/cosmos/cosmos-sdk@v0.50.0-alpha.1/x/params/module.go:139) to github.com/cosmos/cosmos-sdk/x/params.ProvideSubspace
     Resolving dependencies for github.com/cosmos/cosmos-sdk/x/params.ProvideModule (/Users/dev/go/pkg/mod/github.com/cosmos/cosmos-sdk@v0.50.0-alpha.1/x/params/module.go:139)
      Providing *types.KVStoreKey from github.com/cosmos/cosmos-sdk/runtime.ProvideKVStoreKey (/Users/dev/go/pkg/mod/github.com/cosmos/cosmos-sdk@v0.50.0-alpha.1/runtime/module.go:201) to github.com/cosmos/cosmos-sdk/x/params.ProvideModule
      Resolving dependencies for github.com/cosmos/cosmos-sdk/runtime.ProvideKVStoreKey (/Users/dev/go/pkg/mod/github.com/cosmos/cosmos-sdk@v0.50.0-alpha.1/runtime/module.go:201)
       Supplying *runtimev1alpha1.Module from cosmossdk.io/core/appconfig.Compose (/Users/dev/go/pkg/mod/cosmossdk.io/core@v0.9.0/appconfig/config.go:95) to github.com/cosmos/cosmos-sdk/runtime.ProvideKVStoreKey
       Providing ModuleKey params
       Providing *runtime.AppBuilder from github.com/cosmos/cosmos-sdk/runtime.ProvideApp (/Users/dev/go/pkg/mod/github.com/cosmos/cosmos-sdk@v0.50.0-alpha.1/runtime/module.go:81) to github.com/cosmos/cosmos-sdk/runtime.ProvideKVStoreKey
      Calling github.com/cosmos/cosmos-sdk/runtime.ProvideKVStoreKey (/Users/dev/go/pkg/mod/github.com/cosmos/cosmos-sdk@v0.50.0-alpha.1/runtime/module.go:201)
      Providing *types.TransientStoreKey from github.com/cosmos/cosmos-sdk/runtime.ProvideTransientStoreKey (/Users/dev/go/pkg/mod/github.com/cosmos/cosmos-sdk@v0.50.0-alpha.1/runtime/module.go:216) to github.com/cosmos/cosmos-sdk/x/params.ProvideModule
      Resolving dependencies for github.com/cosmos/cosmos-sdk/runtime.ProvideTransientStoreKey (/Users/dev/go/pkg/mod/github.com/cosmos/cosmos-sdk@v0.50.0-alpha.1/runtime/module.go:216)
       Providing ModuleKey params
       Providing *runtime.AppBuilder from github.com/cosmos/cosmos-sdk/runtime.ProvideApp (/Users/dev/go/pkg/mod/github.com/cosmos/cosmos-sdk@v0.50.0-alpha.1/runtime/module.go:81) to github.com/cosmos/cosmos-sdk/runtime.ProvideTransientStoreKey
      Calling github.com/cosmos/cosmos-sdk/runtime.ProvideTransientStoreKey (/Users/dev/go/pkg/mod/github.com/cosmos/cosmos-sdk@v0.50.0-alpha.1/runtime/module.go:216)
      Providing codec.Codec from github.com/cosmos/cosmos-sdk/runtime.ProvideApp (/Users/dev/go/pkg/mod/github.com/cosmos/cosmos-sdk@v0.50.0-alpha.1/runtime/module.go:81) to github.com/cosmos/cosmos-sdk/x/params.ProvideModule
      Providing *codec.LegacyAmino from github.com/cosmos/cosmos-sdk/runtime.ProvideApp (/Users/dev/go/pkg/mod/github.com/cosmos/cosmos-sdk@v0.50.0-alpha.1/runtime/module.go:81) to github.com/cosmos/cosmos-sdk/x/params.ProvideModule
     Calling github.com/cosmos/cosmos-sdk/x/params.ProvideModule (/Users/dev/go/pkg/mod/github.com/cosmos/cosmos-sdk@v0.50.0-alpha.1/x/params/module.go:139)
     Providing one-per-module type map map[string]types.KeyTable to github.com/cosmos/cosmos-sdk/x/params.ProvideSubspace from:
      gov: github.com/cosmos/cosmos-sdk/x/gov.ProvideKeyTable (/Users/dev/go/pkg/mod/github.com/cosmos/cosmos-sdk@v0.50.0-alpha.1/x/gov/module.go:222)
     Resolving dependencies for github.com/cosmos/cosmos-sdk/x/gov.ProvideKeyTable (/Users/dev/go/pkg/mod/github.com/cosmos/cosmos-sdk@v0.50.0-alpha.1/x/gov/module.go:222)
     Calling github.com/cosmos/cosmos-sdk/x/gov.ProvideKeyTable (/Users/dev/go/pkg/mod/github.com/cosmos/cosmos-sdk@v0.50.0-alpha.1/x/gov/module.go:222)
    Calling github.com/cosmos/cosmos-sdk/x/params.ProvideSubspace (/Users/dev/go/pkg/mod/github.com/cosmos/cosmos-sdk@v0.50.0-alpha.1/x/params/module.go:156)
   Calling github.com/cosmos/cosmos-sdk/x/auth.ProvideModule (/Users/dev/go/pkg/mod/github.com/cosmos/cosmos-sdk@v0.50.0-alpha.1/x/auth/module.go:257)
   Implicitly registering resolver types.Subspace for interface type exported.Subspace
   Providing types.Subspace from github.com/cosmos/cosmos-sdk/x/params.ProvideSubspace (/Users/dev/go/pkg/mod/github.com/cosmos/cosmos-sdk@v0.50.0-alpha.1/x/params/module.go:156) to github.com/cosmos/cosmos-sdk/x/bank.ProvideModule
   Resolving dependencies for github.com/cosmos/cosmos-sdk/x/params.ProvideSubspace (/Users/dev/go/pkg/mod/github.com/cosmos/cosmos-sdk@v0.50.0-alpha.1/x/params/module.go:156)
    Providing ModuleKey bank
    Providing keeper.Keeper from github.com/cosmos/cosmos-sdk/x/params.ProvideModule (/Users/dev/go/pkg/mod/github.com/cosmos/cosmos-sdk@v0.50.0-alpha.1/x/params/module.go:139) to github.com/cosmos/cosmos-sdk/x/params.ProvideSubspace
    Providing one-per-module type map map[string]types.KeyTable to github.com/cosmos/cosmos-sdk/x/params.ProvideSubspace from:
     gov: github.com/cosmos/cosmos-sdk/x/gov.ProvideKeyTable (/Users/dev/go/pkg/mod/github.com/cosmos/cosmos-sdk@v0.50.0-alpha.1/x/gov/module.go:222)
   Calling github.com/cosmos/cosmos-sdk/x/params.ProvideSubspace (/Users/dev/go/pkg/mod/github.com/cosmos/cosmos-sdk@v0.50.0-alpha.1/x/params/module.go:156)
  Calling github.com/cosmos/cosmos-sdk/x/bank.ProvideModule (/Users/dev/go/pkg/mod/github.com/cosmos/cosmos-sdk@v0.50.0-alpha.1/x/bank/module.go:235)
  Providing keeper.BaseKeeper from github.com/cosmos/cosmos-sdk/x/bank.ProvideModule (/Users/dev/go/pkg/mod/github.com/cosmos/cosmos-sdk@v0.50.0-alpha.1/x/bank/module.go:235) to github.com/cosmos/cosmos-sdk/x/auth/tx/config.ProvideModule
  Providing keeper.AccountKeeper from github.com/cosmos/cosmos-sdk/x/auth.ProvideModule (/Users/dev/go/pkg/mod/github.com/cosmos/cosmos-sdk@v0.50.0-alpha.1/x/auth/module.go:257) to github.com/cosmos/cosmos-sdk/x/auth/tx/config.ProvideModule
  Providing zero value for optional dependency ante.FeegrantKeeper
  Providing zero value for optional dependency func() []signing.SignModeHandler
 Calling github.com/cosmos/cosmos-sdk/x/auth/tx/config.ProvideModule (/Users/dev/go/pkg/mod/github.com/cosmos/cosmos-sdk@v0.50.0-alpha.1/x/auth/tx/config/config.go:64)
 Providing *codec.LegacyAmino from github.com/cosmos/cosmos-sdk/runtime.ProvideApp (/Users/dev/go/pkg/mod/github.com/cosmos/cosmos-sdk@v0.50.0-alpha.1/runtime/module.go:81) to pkg.berachain.dev/polaris/cosmos/simapp/polard/cmd.NewRootCmd
 Providing one-per-module type map map[string]appmodule.AppModule to pkg.berachain.dev/polaris/cosmos/simapp/polard/cmd.NewRootCmd from:
  consensus: github.com/cosmos/cosmos-sdk/x/consensus.ProvideModule (/Users/dev/go/pkg/mod/github.com/cosmos/cosmos-sdk@v0.50.0-alpha.1/x/consensus/module.go:161)
  erc20: pkg.berachain.dev/polaris/cosmos/x/erc20.ProvideModule (/Users/dev/go/src/workspace/polaris-workspace/polaris/cosmos/x/erc20/depinject.go:60)
  crisis: github.com/cosmos/cosmos-sdk/x/crisis.ProvideModule (/Users/dev/go/pkg/mod/github.com/cosmos/cosmos-sdk@v0.50.0-alpha.1/x/crisis/module.go:215)
  evm: pkg.berachain.dev/polaris/cosmos/x/evm.ProvideModule (/Users/dev/go/src/workspace/polaris-workspace/polaris/cosmos/x/evm/depinject.go:68)
  vesting: github.com/cosmos/cosmos-sdk/x/auth/vesting.ProvideModule (/Users/dev/go/pkg/mod/github.com/cosmos/cosmos-sdk@v0.50.0-alpha.1/x/auth/vesting/module.go:148)
  bank: github.com/cosmos/cosmos-sdk/x/bank.ProvideModule (/Users/dev/go/pkg/mod/github.com/cosmos/cosmos-sdk@v0.50.0-alpha.1/x/bank/module.go:235)
  params: github.com/cosmos/cosmos-sdk/x/params.ProvideModule (/Users/dev/go/pkg/mod/github.com/cosmos/cosmos-sdk@v0.50.0-alpha.1/x/params/module.go:139)
  genutil: github.com/cosmos/cosmos-sdk/x/genutil.ProvideModule (/Users/dev/go/pkg/mod/github.com/cosmos/cosmos-sdk@v0.50.0-alpha.1/x/genutil/module.go:145)
  auth: github.com/cosmos/cosmos-sdk/x/auth.ProvideModule (/Users/dev/go/pkg/mod/github.com/cosmos/cosmos-sdk@v0.50.0-alpha.1/x/auth/module.go:257)
  upgrade: cosmossdk.io/x/upgrade.ProvideModule (/Users/dev/go/pkg/mod/cosmossdk.io/x/upgrade@v0.0.0-20230704191127-8d80df8e3c5a/module.go:202)
  mint: github.com/cosmos/cosmos-sdk/x/mint.ProvideModule (/Users/dev/go/pkg/mod/github.com/cosmos/cosmos-sdk@v0.50.0-alpha.1/x/mint/module.go:239)
  distribution: github.com/cosmos/cosmos-sdk/x/distribution.ProvideModule (/Users/dev/go/pkg/mod/github.com/cosmos/cosmos-sdk@v0.50.0-alpha.1/x/distribution/module.go:243)
  evidence: cosmossdk.io/x/evidence.ProvideModule (/Users/dev/go/pkg/mod/github.com/cosmos/cosmos-sdk/x/evidence@v0.0.0-20230704160919-88f2c830b0ca/module.go:223)
  gov: github.com/cosmos/cosmos-sdk/x/gov.ProvideModule (/Users/dev/go/pkg/mod/github.com/cosmos/cosmos-sdk@v0.50.0-alpha.1/x/gov/module.go:193)
  runtime: github.com/cosmos/cosmos-sdk/runtime.ProvideApp (/Users/dev/go/pkg/mod/github.com/cosmos/cosmos-sdk@v0.50.0-alpha.1/runtime/module.go:81)
  staking: github.com/cosmos/cosmos-sdk/x/staking.ProvideModule (/Users/dev/go/pkg/mod/github.com/cosmos/cosmos-sdk@v0.50.0-alpha.1/x/staking/module.go:231)
  slashing: github.com/cosmos/cosmos-sdk/x/slashing.ProvideModule (/Users/dev/go/pkg/mod/github.com/cosmos/cosmos-sdk@v0.50.0-alpha.1/x/slashing/module.go:251)
  authz: github.com/cosmos/cosmos-sdk/x/authz/module.ProvideModule (/Users/dev/go/pkg/mod/github.com/cosmos/cosmos-sdk@v0.50.0-alpha.1/x/authz/module/module.go:189)
 Resolving dependencies for github.com/cosmos/cosmos-sdk/x/mint.ProvideModule (/Users/dev/go/pkg/mod/github.com/cosmos/cosmos-sdk@v0.50.0-alpha.1/x/mint/module.go:239)
  Providing OwnModuleKey mint
  Supplying *modulev1.Module from cosmossdk.io/core/appconfig.Compose (/Users/dev/go/pkg/mod/cosmossdk.io/core@v0.9.0/appconfig/config.go:95) to github.com/cosmos/cosmos-sdk/x/mint.ProvideModule
  Providing store.KVStoreService from github.com/cosmos/cosmos-sdk/runtime.ProvideKVStoreService (/Users/dev/go/pkg/mod/github.com/cosmos/cosmos-sdk@v0.50.0-alpha.1/runtime/module.go:232) to github.com/cosmos/cosmos-sdk/x/mint.ProvideModule
  Resolving dependencies for github.com/cosmos/cosmos-sdk/runtime.ProvideKVStoreService (/Users/dev/go/pkg/mod/github.com/cosmos/cosmos-sdk@v0.50.0-alpha.1/runtime/module.go:232)
   Supplying *runtimev1alpha1.Module from cosmossdk.io/core/appconfig.Compose (/Users/dev/go/pkg/mod/cosmossdk.io/core@v0.9.0/appconfig/config.go:95) to github.com/cosmos/cosmos-sdk/runtime.ProvideKVStoreService
   Providing ModuleKey mint
   Providing *runtime.AppBuilder from github.com/cosmos/cosmos-sdk/runtime.ProvideApp (/Users/dev/go/pkg/mod/github.com/cosmos/cosmos-sdk@v0.50.0-alpha.1/runtime/module.go:81) to github.com/cosmos/cosmos-sdk/runtime.ProvideKVStoreService
  Calling github.com/cosmos/cosmos-sdk/runtime.ProvideKVStoreService (/Users/dev/go/pkg/mod/github.com/cosmos/cosmos-sdk@v0.50.0-alpha.1/runtime/module.go:232)
  Providing codec.Codec from github.com/cosmos/cosmos-sdk/runtime.ProvideApp (/Users/dev/go/pkg/mod/github.com/cosmos/cosmos-sdk@v0.50.0-alpha.1/runtime/module.go:81) to github.com/cosmos/cosmos-sdk/x/mint.ProvideModule
  Providing zero value for optional dependency types.InflationCalculationFn
  Providing types.Subspace from github.com/cosmos/cosmos-sdk/x/params.ProvideSubspace (/Users/dev/go/pkg/mod/github.com/cosmos/cosmos-sdk@v0.50.0-alpha.1/x/params/module.go:156) to github.com/cosmos/cosmos-sdk/x/mint.ProvideModule
  Resolving dependencies for github.com/cosmos/cosmos-sdk/x/params.ProvideSubspace (/Users/dev/go/pkg/mod/github.com/cosmos/cosmos-sdk@v0.50.0-alpha.1/x/params/module.go:156)
   Providing ModuleKey mint
   Providing keeper.Keeper from github.com/cosmos/cosmos-sdk/x/params.ProvideModule (/Users/dev/go/pkg/mod/github.com/cosmos/cosmos-sdk@v0.50.0-alpha.1/x/params/module.go:139) to github.com/cosmos/cosmos-sdk/x/params.ProvideSubspace
   Providing one-per-module type map map[string]types.KeyTable to github.com/cosmos/cosmos-sdk/x/params.ProvideSubspace from:
    gov: github.com/cosmos/cosmos-sdk/x/gov.ProvideKeyTable (/Users/dev/go/pkg/mod/github.com/cosmos/cosmos-sdk@v0.50.0-alpha.1/x/gov/module.go:222)
  Calling github.com/cosmos/cosmos-sdk/x/params.ProvideSubspace (/Users/dev/go/pkg/mod/github.com/cosmos/cosmos-sdk@v0.50.0-alpha.1/x/params/module.go:156)
  Providing keeper.AccountKeeper from github.com/cosmos/cosmos-sdk/x/auth.ProvideModule (/Users/dev/go/pkg/mod/github.com/cosmos/cosmos-sdk@v0.50.0-alpha.1/x/auth/module.go:257) to github.com/cosmos/cosmos-sdk/x/mint.ProvideModule
  Providing keeper.BaseKeeper from github.com/cosmos/cosmos-sdk/x/bank.ProvideModule (/Users/dev/go/pkg/mod/github.com/cosmos/cosmos-sdk@v0.50.0-alpha.1/x/bank/module.go:235) to github.com/cosmos/cosmos-sdk/x/mint.ProvideModule
  Providing *keeper.Keeper from github.com/cosmos/cosmos-sdk/x/staking.ProvideModule (/Users/dev/go/pkg/mod/github.com/cosmos/cosmos-sdk@v0.50.0-alpha.1/x/staking/module.go:231) to github.com/cosmos/cosmos-sdk/x/mint.ProvideModule
  Resolving dependencies for github.com/cosmos/cosmos-sdk/x/staking.ProvideModule (/Users/dev/go/pkg/mod/github.com/cosmos/cosmos-sdk@v0.50.0-alpha.1/x/staking/module.go:231)
   Supplying *modulev1.Module from cosmossdk.io/core/appconfig.Compose (/Users/dev/go/pkg/mod/cosmossdk.io/core@v0.9.0/appconfig/config.go:95) to github.com/cosmos/cosmos-sdk/x/staking.ProvideModule
   Providing keeper.AccountKeeper from github.com/cosmos/cosmos-sdk/x/auth.ProvideModule (/Users/dev/go/pkg/mod/github.com/cosmos/cosmos-sdk@v0.50.0-alpha.1/x/auth/module.go:257) to github.com/cosmos/cosmos-sdk/x/staking.ProvideModule
   Providing keeper.BaseKeeper from github.com/cosmos/cosmos-sdk/x/bank.ProvideModule (/Users/dev/go/pkg/mod/github.com/cosmos/cosmos-sdk@v0.50.0-alpha.1/x/bank/module.go:235) to github.com/cosmos/cosmos-sdk/x/staking.ProvideModule
   Providing codec.Codec from github.com/cosmos/cosmos-sdk/runtime.ProvideApp (/Users/dev/go/pkg/mod/github.com/cosmos/cosmos-sdk@v0.50.0-alpha.1/runtime/module.go:81) to github.com/cosmos/cosmos-sdk/x/staking.ProvideModule
   Providing store.KVStoreService from github.com/cosmos/cosmos-sdk/runtime.ProvideKVStoreService (/Users/dev/go/pkg/mod/github.com/cosmos/cosmos-sdk@v0.50.0-alpha.1/runtime/module.go:232) to github.com/cosmos/cosmos-sdk/x/staking.ProvideModule
   Resolving dependencies for github.com/cosmos/cosmos-sdk/runtime.ProvideKVStoreService (/Users/dev/go/pkg/mod/github.com/cosmos/cosmos-sdk@v0.50.0-alpha.1/runtime/module.go:232)
    Supplying *runtimev1alpha1.Module from cosmossdk.io/core/appconfig.Compose (/Users/dev/go/pkg/mod/cosmossdk.io/core@v0.9.0/appconfig/config.go:95) to github.com/cosmos/cosmos-sdk/runtime.ProvideKVStoreService
    Providing ModuleKey staking
    Providing *runtime.AppBuilder from github.com/cosmos/cosmos-sdk/runtime.ProvideApp (/Users/dev/go/pkg/mod/github.com/cosmos/cosmos-sdk@v0.50.0-alpha.1/runtime/module.go:81) to github.com/cosmos/cosmos-sdk/runtime.ProvideKVStoreService
   Calling github.com/cosmos/cosmos-sdk/runtime.ProvideKVStoreService (/Users/dev/go/pkg/mod/github.com/cosmos/cosmos-sdk@v0.50.0-alpha.1/runtime/module.go:232)
   Implicitly registering resolver types.Subspace for interface type exported.Subspace
   Providing types.Subspace from github.com/cosmos/cosmos-sdk/x/params.ProvideSubspace (/Users/dev/go/pkg/mod/github.com/cosmos/cosmos-sdk@v0.50.0-alpha.1/x/params/module.go:156) to github.com/cosmos/cosmos-sdk/x/staking.ProvideModule
   Resolving dependencies for github.com/cosmos/cosmos-sdk/x/params.ProvideSubspace (/Users/dev/go/pkg/mod/github.com/cosmos/cosmos-sdk@v0.50.0-alpha.1/x/params/module.go:156)
    Providing ModuleKey staking
    Providing keeper.Keeper from github.com/cosmos/cosmos-sdk/x/params.ProvideModule (/Users/dev/go/pkg/mod/github.com/cosmos/cosmos-sdk@v0.50.0-alpha.1/x/params/module.go:139) to github.com/cosmos/cosmos-sdk/x/params.ProvideSubspace
    Providing one-per-module type map map[string]types.KeyTable to github.com/cosmos/cosmos-sdk/x/params.ProvideSubspace from:
     gov: github.com/cosmos/cosmos-sdk/x/gov.ProvideKeyTable (/Users/dev/go/pkg/mod/github.com/cosmos/cosmos-sdk@v0.50.0-alpha.1/x/gov/module.go:222)
   Calling github.com/cosmos/cosmos-sdk/x/params.ProvideSubspace (/Users/dev/go/pkg/mod/github.com/cosmos/cosmos-sdk@v0.50.0-alpha.1/x/params/module.go:156)
  Calling github.com/cosmos/cosmos-sdk/x/staking.ProvideModule (/Users/dev/go/pkg/mod/github.com/cosmos/cosmos-sdk@v0.50.0-alpha.1/x/staking/module.go:231)
 Calling github.com/cosmos/cosmos-sdk/x/mint.ProvideModule (/Users/dev/go/pkg/mod/github.com/cosmos/cosmos-sdk@v0.50.0-alpha.1/x/mint/module.go:239)
 Resolving dependencies for cosmossdk.io/x/upgrade.ProvideModule (/Users/dev/go/pkg/mod/cosmossdk.io/x/upgrade@v0.0.0-20230704191127-8d80df8e3c5a/module.go:202)
  Supplying *modulev1.Module from cosmossdk.io/core/appconfig.Compose (/Users/dev/go/pkg/mod/cosmossdk.io/core@v0.9.0/appconfig/config.go:95) to cosmossdk.io/x/upgrade.ProvideModule
  Providing store.KVStoreService from github.com/cosmos/cosmos-sdk/runtime.ProvideKVStoreService (/Users/dev/go/pkg/mod/github.com/cosmos/cosmos-sdk@v0.50.0-alpha.1/runtime/module.go:232) to cosmossdk.io/x/upgrade.ProvideModule
  Resolving dependencies for github.com/cosmos/cosmos-sdk/runtime.ProvideKVStoreService (/Users/dev/go/pkg/mod/github.com/cosmos/cosmos-sdk@v0.50.0-alpha.1/runtime/module.go:232)
   Supplying *runtimev1alpha1.Module from cosmossdk.io/core/appconfig.Compose (/Users/dev/go/pkg/mod/cosmossdk.io/core@v0.9.0/appconfig/config.go:95) to github.com/cosmos/cosmos-sdk/runtime.ProvideKVStoreService
   Providing ModuleKey upgrade
   Providing *runtime.AppBuilder from github.com/cosmos/cosmos-sdk/runtime.ProvideApp (/Users/dev/go/pkg/mod/github.com/cosmos/cosmos-sdk@v0.50.0-alpha.1/runtime/module.go:81) to github.com/cosmos/cosmos-sdk/runtime.ProvideKVStoreService
  Calling github.com/cosmos/cosmos-sdk/runtime.ProvideKVStoreService (/Users/dev/go/pkg/mod/github.com/cosmos/cosmos-sdk@v0.50.0-alpha.1/runtime/module.go:232)
  Providing codec.Codec from github.com/cosmos/cosmos-sdk/runtime.ProvideApp (/Users/dev/go/pkg/mod/github.com/cosmos/cosmos-sdk@v0.50.0-alpha.1/runtime/module.go:81) to cosmossdk.io/x/upgrade.ProvideModule
  Providing address.Codec from github.com/cosmos/cosmos-sdk/x/auth.ProvideAddressCodec (/Users/dev/go/pkg/mod/github.com/cosmos/cosmos-sdk@v0.50.0-alpha.1/x/auth/module.go:217) to cosmossdk.io/x/upgrade.ProvideModule
  Providing zero value for optional dependency types.AppOptions
 Calling cosmossdk.io/x/upgrade.ProvideModule (/Users/dev/go/pkg/mod/cosmossdk.io/x/upgrade@v0.0.0-20230704191127-8d80df8e3c5a/module.go:202)
 Resolving dependencies for github.com/cosmos/cosmos-sdk/x/slashing.ProvideModule (/Users/dev/go/pkg/mod/github.com/cosmos/cosmos-sdk@v0.50.0-alpha.1/x/slashing/module.go:251)
  Supplying *modulev1.Module from cosmossdk.io/core/appconfig.Compose (/Users/dev/go/pkg/mod/cosmossdk.io/core@v0.9.0/appconfig/config.go:95) to github.com/cosmos/cosmos-sdk/x/slashing.ProvideModule
  Providing store.KVStoreService from github.com/cosmos/cosmos-sdk/runtime.ProvideKVStoreService (/Users/dev/go/pkg/mod/github.com/cosmos/cosmos-sdk@v0.50.0-alpha.1/runtime/module.go:232) to github.com/cosmos/cosmos-sdk/x/slashing.ProvideModule
  Resolving dependencies for github.com/cosmos/cosmos-sdk/runtime.ProvideKVStoreService (/Users/dev/go/pkg/mod/github.com/cosmos/cosmos-sdk@v0.50.0-alpha.1/runtime/module.go:232)
   Supplying *runtimev1alpha1.Module from cosmossdk.io/core/appconfig.Compose (/Users/dev/go/pkg/mod/cosmossdk.io/core@v0.9.0/appconfig/config.go:95) to github.com/cosmos/cosmos-sdk/runtime.ProvideKVStoreService
   Providing ModuleKey slashing
   Providing *runtime.AppBuilder from github.com/cosmos/cosmos-sdk/runtime.ProvideApp (/Users/dev/go/pkg/mod/github.com/cosmos/cosmos-sdk@v0.50.0-alpha.1/runtime/module.go:81) to github.com/cosmos/cosmos-sdk/runtime.ProvideKVStoreService
  Calling github.com/cosmos/cosmos-sdk/runtime.ProvideKVStoreService (/Users/dev/go/pkg/mod/github.com/cosmos/cosmos-sdk@v0.50.0-alpha.1/runtime/module.go:232)
  Providing codec.Codec from github.com/cosmos/cosmos-sdk/runtime.ProvideApp (/Users/dev/go/pkg/mod/github.com/cosmos/cosmos-sdk@v0.50.0-alpha.1/runtime/module.go:81) to github.com/cosmos/cosmos-sdk/x/slashing.ProvideModule
  Providing *codec.LegacyAmino from github.com/cosmos/cosmos-sdk/runtime.ProvideApp (/Users/dev/go/pkg/mod/github.com/cosmos/cosmos-sdk@v0.50.0-alpha.1/runtime/module.go:81) to github.com/cosmos/cosmos-sdk/x/slashing.ProvideModule
  Providing types.InterfaceRegistry from github.com/cosmos/cosmos-sdk/runtime.ProvideInterfaceRegistry (/Users/dev/go/pkg/mod/github.com/cosmos/cosmos-sdk@v0.50.0-alpha.1/runtime/module.go:159) to github.com/cosmos/cosmos-sdk/x/slashing.ProvideModule
  Providing keeper.AccountKeeper from github.com/cosmos/cosmos-sdk/x/auth.ProvideModule (/Users/dev/go/pkg/mod/github.com/cosmos/cosmos-sdk@v0.50.0-alpha.1/x/auth/module.go:257) to github.com/cosmos/cosmos-sdk/x/slashing.ProvideModule
  Providing keeper.BaseKeeper from github.com/cosmos/cosmos-sdk/x/bank.ProvideModule (/Users/dev/go/pkg/mod/github.com/cosmos/cosmos-sdk@v0.50.0-alpha.1/x/bank/module.go:235) to github.com/cosmos/cosmos-sdk/x/slashing.ProvideModule
  Providing *keeper.Keeper from github.com/cosmos/cosmos-sdk/x/staking.ProvideModule (/Users/dev/go/pkg/mod/github.com/cosmos/cosmos-sdk@v0.50.0-alpha.1/x/staking/module.go:231) to github.com/cosmos/cosmos-sdk/x/slashing.ProvideModule
  Implicitly registering resolver types.Subspace for interface type exported.Subspace
  Providing types.Subspace from github.com/cosmos/cosmos-sdk/x/params.ProvideSubspace (/Users/dev/go/pkg/mod/github.com/cosmos/cosmos-sdk@v0.50.0-alpha.1/x/params/module.go:156) to github.com/cosmos/cosmos-sdk/x/slashing.ProvideModule
  Resolving dependencies for github.com/cosmos/cosmos-sdk/x/params.ProvideSubspace (/Users/dev/go/pkg/mod/github.com/cosmos/cosmos-sdk@v0.50.0-alpha.1/x/params/module.go:156)
   Providing ModuleKey slashing
   Providing keeper.Keeper from github.com/cosmos/cosmos-sdk/x/params.ProvideModule (/Users/dev/go/pkg/mod/github.com/cosmos/cosmos-sdk@v0.50.0-alpha.1/x/params/module.go:139) to github.com/cosmos/cosmos-sdk/x/params.ProvideSubspace
   Providing one-per-module type map map[string]types.KeyTable to github.com/cosmos/cosmos-sdk/x/params.ProvideSubspace from:
    gov: github.com/cosmos/cosmos-sdk/x/gov.ProvideKeyTable (/Users/dev/go/pkg/mod/github.com/cosmos/cosmos-sdk@v0.50.0-alpha.1/x/gov/module.go:222)
  Calling github.com/cosmos/cosmos-sdk/x/params.ProvideSubspace (/Users/dev/go/pkg/mod/github.com/cosmos/cosmos-sdk@v0.50.0-alpha.1/x/params/module.go:156)
 Calling github.com/cosmos/cosmos-sdk/x/slashing.ProvideModule (/Users/dev/go/pkg/mod/github.com/cosmos/cosmos-sdk@v0.50.0-alpha.1/x/slashing/module.go:251)
 Resolving dependencies for github.com/cosmos/cosmos-sdk/x/authz/module.ProvideModule (/Users/dev/go/pkg/mod/github.com/cosmos/cosmos-sdk@v0.50.0-alpha.1/x/authz/module/module.go:189)
  Providing codec.Codec from github.com/cosmos/cosmos-sdk/runtime.ProvideApp (/Users/dev/go/pkg/mod/github.com/cosmos/cosmos-sdk@v0.50.0-alpha.1/runtime/module.go:81) to github.com/cosmos/cosmos-sdk/x/authz/module.ProvideModule
  Providing keeper.AccountKeeper from github.com/cosmos/cosmos-sdk/x/auth.ProvideModule (/Users/dev/go/pkg/mod/github.com/cosmos/cosmos-sdk@v0.50.0-alpha.1/x/auth/module.go:257) to github.com/cosmos/cosmos-sdk/x/authz/module.ProvideModule
  Providing keeper.BaseKeeper from github.com/cosmos/cosmos-sdk/x/bank.ProvideModule (/Users/dev/go/pkg/mod/github.com/cosmos/cosmos-sdk@v0.50.0-alpha.1/x/bank/module.go:235) to github.com/cosmos/cosmos-sdk/x/authz/module.ProvideModule
  Providing types.InterfaceRegistry from github.com/cosmos/cosmos-sdk/runtime.ProvideInterfaceRegistry (/Users/dev/go/pkg/mod/github.com/cosmos/cosmos-sdk@v0.50.0-alpha.1/runtime/module.go:159) to github.com/cosmos/cosmos-sdk/x/authz/module.ProvideModule
  Providing *baseapp.MsgServiceRouter from github.com/cosmos/cosmos-sdk/runtime.ProvideApp (/Users/dev/go/pkg/mod/github.com/cosmos/cosmos-sdk@v0.50.0-alpha.1/runtime/module.go:81) to github.com/cosmos/cosmos-sdk/x/authz/module.ProvideModule
  Providing store.KVStoreService from github.com/cosmos/cosmos-sdk/runtime.ProvideKVStoreService (/Users/dev/go/pkg/mod/github.com/cosmos/cosmos-sdk@v0.50.0-alpha.1/runtime/module.go:232) to github.com/cosmos/cosmos-sdk/x/authz/module.ProvideModule
  Resolving dependencies for github.com/cosmos/cosmos-sdk/runtime.ProvideKVStoreService (/Users/dev/go/pkg/mod/github.com/cosmos/cosmos-sdk@v0.50.0-alpha.1/runtime/module.go:232)
   Supplying *runtimev1alpha1.Module from cosmossdk.io/core/appconfig.Compose (/Users/dev/go/pkg/mod/cosmossdk.io/core@v0.9.0/appconfig/config.go:95) to github.com/cosmos/cosmos-sdk/runtime.ProvideKVStoreService
   Providing ModuleKey authz
   Providing *runtime.AppBuilder from github.com/cosmos/cosmos-sdk/runtime.ProvideApp (/Users/dev/go/pkg/mod/github.com/cosmos/cosmos-sdk@v0.50.0-alpha.1/runtime/module.go:81) to github.com/cosmos/cosmos-sdk/runtime.ProvideKVStoreService
  Calling github.com/cosmos/cosmos-sdk/runtime.ProvideKVStoreService (/Users/dev/go/pkg/mod/github.com/cosmos/cosmos-sdk@v0.50.0-alpha.1/runtime/module.go:232)
 Calling github.com/cosmos/cosmos-sdk/x/authz/module.ProvideModule (/Users/dev/go/pkg/mod/github.com/cosmos/cosmos-sdk@v0.50.0-alpha.1/x/authz/module/module.go:189)
 Resolving dependencies for github.com/cosmos/cosmos-sdk/x/distribution.ProvideModule (/Users/dev/go/pkg/mod/github.com/cosmos/cosmos-sdk@v0.50.0-alpha.1/x/distribution/module.go:243)
  Supplying *modulev1.Module from cosmossdk.io/core/appconfig.Compose (/Users/dev/go/pkg/mod/cosmossdk.io/core@v0.9.0/appconfig/config.go:95) to github.com/cosmos/cosmos-sdk/x/distribution.ProvideModule
  Providing store.KVStoreService from github.com/cosmos/cosmos-sdk/runtime.ProvideKVStoreService (/Users/dev/go/pkg/mod/github.com/cosmos/cosmos-sdk@v0.50.0-alpha.1/runtime/module.go:232) to github.com/cosmos/cosmos-sdk/x/distribution.ProvideModule
  Resolving dependencies for github.com/cosmos/cosmos-sdk/runtime.ProvideKVStoreService (/Users/dev/go/pkg/mod/github.com/cosmos/cosmos-sdk@v0.50.0-alpha.1/runtime/module.go:232)
   Supplying *runtimev1alpha1.Module from cosmossdk.io/core/appconfig.Compose (/Users/dev/go/pkg/mod/cosmossdk.io/core@v0.9.0/appconfig/config.go:95) to github.com/cosmos/cosmos-sdk/runtime.ProvideKVStoreService
   Providing ModuleKey distribution
   Providing *runtime.AppBuilder from github.com/cosmos/cosmos-sdk/runtime.ProvideApp (/Users/dev/go/pkg/mod/github.com/cosmos/cosmos-sdk@v0.50.0-alpha.1/runtime/module.go:81) to github.com/cosmos/cosmos-sdk/runtime.ProvideKVStoreService
  Calling github.com/cosmos/cosmos-sdk/runtime.ProvideKVStoreService (/Users/dev/go/pkg/mod/github.com/cosmos/cosmos-sdk@v0.50.0-alpha.1/runtime/module.go:232)
  Providing codec.Codec from github.com/cosmos/cosmos-sdk/runtime.ProvideApp (/Users/dev/go/pkg/mod/github.com/cosmos/cosmos-sdk@v0.50.0-alpha.1/runtime/module.go:81) to github.com/cosmos/cosmos-sdk/x/distribution.ProvideModule
  Providing keeper.AccountKeeper from github.com/cosmos/cosmos-sdk/x/auth.ProvideModule (/Users/dev/go/pkg/mod/github.com/cosmos/cosmos-sdk@v0.50.0-alpha.1/x/auth/module.go:257) to github.com/cosmos/cosmos-sdk/x/distribution.ProvideModule
  Providing keeper.BaseKeeper from github.com/cosmos/cosmos-sdk/x/bank.ProvideModule (/Users/dev/go/pkg/mod/github.com/cosmos/cosmos-sdk@v0.50.0-alpha.1/x/bank/module.go:235) to github.com/cosmos/cosmos-sdk/x/distribution.ProvideModule
  Providing *keeper.Keeper from github.com/cosmos/cosmos-sdk/x/staking.ProvideModule (/Users/dev/go/pkg/mod/github.com/cosmos/cosmos-sdk@v0.50.0-alpha.1/x/staking/module.go:231) to github.com/cosmos/cosmos-sdk/x/distribution.ProvideModule
  Providing types.Subspace from github.com/cosmos/cosmos-sdk/x/params.ProvideSubspace (/Users/dev/go/pkg/mod/github.com/cosmos/cosmos-sdk@v0.50.0-alpha.1/x/params/module.go:156) to github.com/cosmos/cosmos-sdk/x/distribution.ProvideModule
  Resolving dependencies for github.com/cosmos/cosmos-sdk/x/params.ProvideSubspace (/Users/dev/go/pkg/mod/github.com/cosmos/cosmos-sdk@v0.50.0-alpha.1/x/params/module.go:156)
   Providing ModuleKey distribution
   Providing keeper.Keeper from github.com/cosmos/cosmos-sdk/x/params.ProvideModule (/Users/dev/go/pkg/mod/github.com/cosmos/cosmos-sdk@v0.50.0-alpha.1/x/params/module.go:139) to github.com/cosmos/cosmos-sdk/x/params.ProvideSubspace
   Providing one-per-module type map map[string]types.KeyTable to github.com/cosmos/cosmos-sdk/x/params.ProvideSubspace from:
    gov: github.com/cosmos/cosmos-sdk/x/gov.ProvideKeyTable (/Users/dev/go/pkg/mod/github.com/cosmos/cosmos-sdk@v0.50.0-alpha.1/x/gov/module.go:222)
  Calling github.com/cosmos/cosmos-sdk/x/params.ProvideSubspace (/Users/dev/go/pkg/mod/github.com/cosmos/cosmos-sdk@v0.50.0-alpha.1/x/params/module.go:156)
 Calling github.com/cosmos/cosmos-sdk/x/distribution.ProvideModule (/Users/dev/go/pkg/mod/github.com/cosmos/cosmos-sdk@v0.50.0-alpha.1/x/distribution/module.go:243)
 Resolving dependencies for cosmossdk.io/x/evidence.ProvideModule (/Users/dev/go/pkg/mod/github.com/cosmos/cosmos-sdk/x/evidence@v0.0.0-20230704160919-88f2c830b0ca/module.go:223)
  Providing store.KVStoreService from github.com/cosmos/cosmos-sdk/runtime.ProvideKVStoreService (/Users/dev/go/pkg/mod/github.com/cosmos/cosmos-sdk@v0.50.0-alpha.1/runtime/module.go:232) to cosmossdk.io/x/evidence.ProvideModule
  Resolving dependencies for github.com/cosmos/cosmos-sdk/runtime.ProvideKVStoreService (/Users/dev/go/pkg/mod/github.com/cosmos/cosmos-sdk@v0.50.0-alpha.1/runtime/module.go:232)
   Supplying *runtimev1alpha1.Module from cosmossdk.io/core/appconfig.Compose (/Users/dev/go/pkg/mod/cosmossdk.io/core@v0.9.0/appconfig/config.go:95) to github.com/cosmos/cosmos-sdk/runtime.ProvideKVStoreService
   Providing ModuleKey evidence
   Providing *runtime.AppBuilder from github.com/cosmos/cosmos-sdk/runtime.ProvideApp (/Users/dev/go/pkg/mod/github.com/cosmos/cosmos-sdk@v0.50.0-alpha.1/runtime/module.go:81) to github.com/cosmos/cosmos-sdk/runtime.ProvideKVStoreService
  Calling github.com/cosmos/cosmos-sdk/runtime.ProvideKVStoreService (/Users/dev/go/pkg/mod/github.com/cosmos/cosmos-sdk@v0.50.0-alpha.1/runtime/module.go:232)
  Providing codec.Codec from github.com/cosmos/cosmos-sdk/runtime.ProvideApp (/Users/dev/go/pkg/mod/github.com/cosmos/cosmos-sdk@v0.50.0-alpha.1/runtime/module.go:81) to cosmossdk.io/x/evidence.ProvideModule
  Providing *keeper.Keeper from github.com/cosmos/cosmos-sdk/x/staking.ProvideModule (/Users/dev/go/pkg/mod/github.com/cosmos/cosmos-sdk@v0.50.0-alpha.1/x/staking/module.go:231) to cosmossdk.io/x/evidence.ProvideModule
  Providing keeper.Keeper from github.com/cosmos/cosmos-sdk/x/slashing.ProvideModule (/Users/dev/go/pkg/mod/github.com/cosmos/cosmos-sdk@v0.50.0-alpha.1/x/slashing/module.go:251) to cosmossdk.io/x/evidence.ProvideModule
  Providing address.Codec from github.com/cosmos/cosmos-sdk/x/auth.ProvideAddressCodec (/Users/dev/go/pkg/mod/github.com/cosmos/cosmos-sdk@v0.50.0-alpha.1/x/auth/module.go:217) to cosmossdk.io/x/evidence.ProvideModule
  Providing comet.BlockInfoService from github.com/cosmos/cosmos-sdk/runtime.ProvideCometInfoService (/Users/dev/go/pkg/mod/github.com/cosmos/cosmos-sdk@v0.50.0-alpha.1/runtime/module.go:252) to cosmossdk.io/x/evidence.ProvideModule
  Resolving dependencies for github.com/cosmos/cosmos-sdk/runtime.ProvideCometInfoService (/Users/dev/go/pkg/mod/github.com/cosmos/cosmos-sdk@v0.50.0-alpha.1/runtime/module.go:252)
  Calling github.com/cosmos/cosmos-sdk/runtime.ProvideCometInfoService (/Users/dev/go/pkg/mod/github.com/cosmos/cosmos-sdk@v0.50.0-alpha.1/runtime/module.go:252)
 Calling cosmossdk.io/x/evidence.ProvideModule (/Users/dev/go/pkg/mod/github.com/cosmos/cosmos-sdk/x/evidence@v0.0.0-20230704160919-88f2c830b0ca/module.go:223)
 Resolving dependencies for github.com/cosmos/cosmos-sdk/x/gov.ProvideModule (/Users/dev/go/pkg/mod/github.com/cosmos/cosmos-sdk@v0.50.0-alpha.1/x/gov/module.go:193)
  Supplying *modulev1.Module from cosmossdk.io/core/appconfig.Compose (/Users/dev/go/pkg/mod/cosmossdk.io/core@v0.9.0/appconfig/config.go:95) to github.com/cosmos/cosmos-sdk/x/gov.ProvideModule
  Providing codec.Codec from github.com/cosmos/cosmos-sdk/runtime.ProvideApp (/Users/dev/go/pkg/mod/github.com/cosmos/cosmos-sdk@v0.50.0-alpha.1/runtime/module.go:81) to github.com/cosmos/cosmos-sdk/x/gov.ProvideModule
  Providing store.KVStoreService from github.com/cosmos/cosmos-sdk/runtime.ProvideKVStoreService (/Users/dev/go/pkg/mod/github.com/cosmos/cosmos-sdk@v0.50.0-alpha.1/runtime/module.go:232) to github.com/cosmos/cosmos-sdk/x/gov.ProvideModule
  Resolving dependencies for github.com/cosmos/cosmos-sdk/runtime.ProvideKVStoreService (/Users/dev/go/pkg/mod/github.com/cosmos/cosmos-sdk@v0.50.0-alpha.1/runtime/module.go:232)
   Supplying *runtimev1alpha1.Module from cosmossdk.io/core/appconfig.Compose (/Users/dev/go/pkg/mod/cosmossdk.io/core@v0.9.0/appconfig/config.go:95) to github.com/cosmos/cosmos-sdk/runtime.ProvideKVStoreService
   Providing ModuleKey gov
   Providing *runtime.AppBuilder from github.com/cosmos/cosmos-sdk/runtime.ProvideApp (/Users/dev/go/pkg/mod/github.com/cosmos/cosmos-sdk@v0.50.0-alpha.1/runtime/module.go:81) to github.com/cosmos/cosmos-sdk/runtime.ProvideKVStoreService
  Calling github.com/cosmos/cosmos-sdk/runtime.ProvideKVStoreService (/Users/dev/go/pkg/mod/github.com/cosmos/cosmos-sdk@v0.50.0-alpha.1/runtime/module.go:232)
  Providing OwnModuleKey gov
  Providing *baseapp.MsgServiceRouter from github.com/cosmos/cosmos-sdk/runtime.ProvideApp (/Users/dev/go/pkg/mod/github.com/cosmos/cosmos-sdk@v0.50.0-alpha.1/runtime/module.go:81) to github.com/cosmos/cosmos-sdk/x/gov.ProvideModule
  Providing keeper.AccountKeeper from github.com/cosmos/cosmos-sdk/x/auth.ProvideModule (/Users/dev/go/pkg/mod/github.com/cosmos/cosmos-sdk@v0.50.0-alpha.1/x/auth/module.go:257) to github.com/cosmos/cosmos-sdk/x/gov.ProvideModule
  Providing keeper.BaseKeeper from github.com/cosmos/cosmos-sdk/x/bank.ProvideModule (/Users/dev/go/pkg/mod/github.com/cosmos/cosmos-sdk@v0.50.0-alpha.1/x/bank/module.go:235) to github.com/cosmos/cosmos-sdk/x/gov.ProvideModule
  Providing *keeper.Keeper from github.com/cosmos/cosmos-sdk/x/staking.ProvideModule (/Users/dev/go/pkg/mod/github.com/cosmos/cosmos-sdk@v0.50.0-alpha.1/x/staking/module.go:231) to github.com/cosmos/cosmos-sdk/x/gov.ProvideModule
  Providing keeper.Keeper from github.com/cosmos/cosmos-sdk/x/distribution.ProvideModule (/Users/dev/go/pkg/mod/github.com/cosmos/cosmos-sdk@v0.50.0-alpha.1/x/distribution/module.go:243) to github.com/cosmos/cosmos-sdk/x/gov.ProvideModule
  Providing types.Subspace from github.com/cosmos/cosmos-sdk/x/params.ProvideSubspace (/Users/dev/go/pkg/mod/github.com/cosmos/cosmos-sdk@v0.50.0-alpha.1/x/params/module.go:156) to github.com/cosmos/cosmos-sdk/x/gov.ProvideModule
  Resolving dependencies for github.com/cosmos/cosmos-sdk/x/params.ProvideSubspace (/Users/dev/go/pkg/mod/github.com/cosmos/cosmos-sdk@v0.50.0-alpha.1/x/params/module.go:156)
   Providing ModuleKey gov
   Providing keeper.Keeper from github.com/cosmos/cosmos-sdk/x/params.ProvideModule (/Users/dev/go/pkg/mod/github.com/cosmos/cosmos-sdk@v0.50.0-alpha.1/x/params/module.go:139) to github.com/cosmos/cosmos-sdk/x/params.ProvideSubspace
   Providing one-per-module type map map[string]types.KeyTable to github.com/cosmos/cosmos-sdk/x/params.ProvideSubspace from:
    gov: github.com/cosmos/cosmos-sdk/x/gov.ProvideKeyTable (/Users/dev/go/pkg/mod/github.com/cosmos/cosmos-sdk@v0.50.0-alpha.1/x/gov/module.go:222)
  Calling github.com/cosmos/cosmos-sdk/x/params.ProvideSubspace (/Users/dev/go/pkg/mod/github.com/cosmos/cosmos-sdk@v0.50.0-alpha.1/x/params/module.go:156)
 Calling github.com/cosmos/cosmos-sdk/x/gov.ProvideModule (/Users/dev/go/pkg/mod/github.com/cosmos/cosmos-sdk@v0.50.0-alpha.1/x/gov/module.go:193)
 Resolving dependencies for github.com/cosmos/cosmos-sdk/x/consensus.ProvideModule (/Users/dev/go/pkg/mod/github.com/cosmos/cosmos-sdk@v0.50.0-alpha.1/x/consensus/module.go:161)
  Supplying *modulev1.Module from cosmossdk.io/core/appconfig.Compose (/Users/dev/go/pkg/mod/cosmossdk.io/core@v0.9.0/appconfig/config.go:95) to github.com/cosmos/cosmos-sdk/x/consensus.ProvideModule
  Providing codec.Codec from github.com/cosmos/cosmos-sdk/runtime.ProvideApp (/Users/dev/go/pkg/mod/github.com/cosmos/cosmos-sdk@v0.50.0-alpha.1/runtime/module.go:81) to github.com/cosmos/cosmos-sdk/x/consensus.ProvideModule
  Providing store.KVStoreService from github.com/cosmos/cosmos-sdk/runtime.ProvideKVStoreService (/Users/dev/go/pkg/mod/github.com/cosmos/cosmos-sdk@v0.50.0-alpha.1/runtime/module.go:232) to github.com/cosmos/cosmos-sdk/x/consensus.ProvideModule
  Resolving dependencies for github.com/cosmos/cosmos-sdk/runtime.ProvideKVStoreService (/Users/dev/go/pkg/mod/github.com/cosmos/cosmos-sdk@v0.50.0-alpha.1/runtime/module.go:232)
   Supplying *runtimev1alpha1.Module from cosmossdk.io/core/appconfig.Compose (/Users/dev/go/pkg/mod/cosmossdk.io/core@v0.9.0/appconfig/config.go:95) to github.com/cosmos/cosmos-sdk/runtime.ProvideKVStoreService
   Providing ModuleKey consensus
   Providing *runtime.AppBuilder from github.com/cosmos/cosmos-sdk/runtime.ProvideApp (/Users/dev/go/pkg/mod/github.com/cosmos/cosmos-sdk@v0.50.0-alpha.1/runtime/module.go:81) to github.com/cosmos/cosmos-sdk/runtime.ProvideKVStoreService
  Calling github.com/cosmos/cosmos-sdk/runtime.ProvideKVStoreService (/Users/dev/go/pkg/mod/github.com/cosmos/cosmos-sdk@v0.50.0-alpha.1/runtime/module.go:232)
  Providing event.Service from github.com/cosmos/cosmos-sdk/runtime.ProvideEventService (/Users/dev/go/pkg/mod/github.com/cosmos/cosmos-sdk@v0.50.0-alpha.1/runtime/module.go:247) to github.com/cosmos/cosmos-sdk/x/consensus.ProvideModule
  Resolving dependencies for github.com/cosmos/cosmos-sdk/runtime.ProvideEventService (/Users/dev/go/pkg/mod/github.com/cosmos/cosmos-sdk@v0.50.0-alpha.1/runtime/module.go:247)
  Calling github.com/cosmos/cosmos-sdk/runtime.ProvideEventService (/Users/dev/go/pkg/mod/github.com/cosmos/cosmos-sdk@v0.50.0-alpha.1/runtime/module.go:247)
 Calling github.com/cosmos/cosmos-sdk/x/consensus.ProvideModule (/Users/dev/go/pkg/mod/github.com/cosmos/cosmos-sdk@v0.50.0-alpha.1/x/consensus/module.go:161)
 Resolving dependencies for pkg.berachain.dev/polaris/cosmos/x/erc20.ProvideModule (/Users/dev/go/src/workspace/polaris-workspace/polaris/cosmos/x/erc20/depinject.go:60)
  Providing OwnModuleKey erc20
  Supplying *modulev1alpha1.Module from cosmossdk.io/core/appconfig.Compose (/Users/dev/go/pkg/mod/cosmossdk.io/core@v0.9.0/appconfig/config.go:95) to pkg.berachain.dev/polaris/cosmos/x/erc20.ProvideModule
  Providing *types.KVStoreKey from github.com/cosmos/cosmos-sdk/runtime.ProvideKVStoreKey (/Users/dev/go/pkg/mod/github.com/cosmos/cosmos-sdk@v0.50.0-alpha.1/runtime/module.go:201) to pkg.berachain.dev/polaris/cosmos/x/erc20.ProvideModule
  Resolving dependencies for github.com/cosmos/cosmos-sdk/runtime.ProvideKVStoreKey (/Users/dev/go/pkg/mod/github.com/cosmos/cosmos-sdk@v0.50.0-alpha.1/runtime/module.go:201)
   Supplying *runtimev1alpha1.Module from cosmossdk.io/core/appconfig.Compose (/Users/dev/go/pkg/mod/cosmossdk.io/core@v0.9.0/appconfig/config.go:95) to github.com/cosmos/cosmos-sdk/runtime.ProvideKVStoreKey
   Providing ModuleKey erc20
   Providing *runtime.AppBuilder from github.com/cosmos/cosmos-sdk/runtime.ProvideApp (/Users/dev/go/pkg/mod/github.com/cosmos/cosmos-sdk@v0.50.0-alpha.1/runtime/module.go:81) to github.com/cosmos/cosmos-sdk/runtime.ProvideKVStoreKey
  Calling github.com/cosmos/cosmos-sdk/runtime.ProvideKVStoreKey (/Users/dev/go/pkg/mod/github.com/cosmos/cosmos-sdk@v0.50.0-alpha.1/runtime/module.go:201)
  Providing keeper.BaseKeeper from github.com/cosmos/cosmos-sdk/x/bank.ProvideModule (/Users/dev/go/pkg/mod/github.com/cosmos/cosmos-sdk@v0.50.0-alpha.1/x/bank/module.go:235) to pkg.berachain.dev/polaris/cosmos/x/erc20.ProvideModule
 Calling pkg.berachain.dev/polaris/cosmos/x/erc20.ProvideModule (/Users/dev/go/src/workspace/polaris-workspace/polaris/cosmos/x/erc20/depinject.go:60)
 Resolving dependencies for github.com/cosmos/cosmos-sdk/x/genutil.ProvideModule (/Users/dev/go/pkg/mod/github.com/cosmos/cosmos-sdk@v0.50.0-alpha.1/x/genutil/module.go:145)
  Providing keeper.AccountKeeper from github.com/cosmos/cosmos-sdk/x/auth.ProvideModule (/Users/dev/go/pkg/mod/github.com/cosmos/cosmos-sdk@v0.50.0-alpha.1/x/auth/module.go:257) to github.com/cosmos/cosmos-sdk/x/genutil.ProvideModule
  Providing *keeper.Keeper from github.com/cosmos/cosmos-sdk/x/staking.ProvideModule (/Users/dev/go/pkg/mod/github.com/cosmos/cosmos-sdk@v0.50.0-alpha.1/x/staking/module.go:231) to github.com/cosmos/cosmos-sdk/x/genutil.ProvideModule
  Providing genesis.TxHandler from github.com/cosmos/cosmos-sdk/runtime.ProvideGenesisTxHandler (/Users/dev/go/pkg/mod/github.com/cosmos/cosmos-sdk@v0.50.0-alpha.1/runtime/module.go:229) to github.com/cosmos/cosmos-sdk/x/genutil.ProvideModule
  Resolving dependencies for github.com/cosmos/cosmos-sdk/runtime.ProvideGenesisTxHandler (/Users/dev/go/pkg/mod/github.com/cosmos/cosmos-sdk@v0.50.0-alpha.1/runtime/module.go:229)
   Providing *runtime.AppBuilder from github.com/cosmos/cosmos-sdk/runtime.ProvideApp (/Users/dev/go/pkg/mod/github.com/cosmos/cosmos-sdk@v0.50.0-alpha.1/runtime/module.go:81) to github.com/cosmos/cosmos-sdk/runtime.ProvideGenesisTxHandler
  Calling github.com/cosmos/cosmos-sdk/runtime.ProvideGenesisTxHandler (/Users/dev/go/pkg/mod/github.com/cosmos/cosmos-sdk@v0.50.0-alpha.1/runtime/module.go:229)
  Providing client.TxConfig from github.com/cosmos/cosmos-sdk/x/auth/tx/config.ProvideModule (/Users/dev/go/pkg/mod/github.com/cosmos/cosmos-sdk@v0.50.0-alpha.1/x/auth/tx/config/config.go:64) to github.com/cosmos/cosmos-sdk/x/genutil.ProvideModule
 Calling github.com/cosmos/cosmos-sdk/x/genutil.ProvideModule (/Users/dev/go/pkg/mod/github.com/cosmos/cosmos-sdk@v0.50.0-alpha.1/x/genutil/module.go:145)
 Resolving dependencies for github.com/cosmos/cosmos-sdk/x/crisis.ProvideModule (/Users/dev/go/pkg/mod/github.com/cosmos/cosmos-sdk@v0.50.0-alpha.1/x/crisis/module.go:215)
  Supplying *modulev1.Module from cosmossdk.io/core/appconfig.Compose (/Users/dev/go/pkg/mod/cosmossdk.io/core@v0.9.0/appconfig/config.go:95) to github.com/cosmos/cosmos-sdk/x/crisis.ProvideModule
  Providing store.KVStoreService from github.com/cosmos/cosmos-sdk/runtime.ProvideKVStoreService (/Users/dev/go/pkg/mod/github.com/cosmos/cosmos-sdk@v0.50.0-alpha.1/runtime/module.go:232) to github.com/cosmos/cosmos-sdk/x/crisis.ProvideModule
  Resolving dependencies for github.com/cosmos/cosmos-sdk/runtime.ProvideKVStoreService (/Users/dev/go/pkg/mod/github.com/cosmos/cosmos-sdk@v0.50.0-alpha.1/runtime/module.go:232)
   Supplying *runtimev1alpha1.Module from cosmossdk.io/core/appconfig.Compose (/Users/dev/go/pkg/mod/cosmossdk.io/core@v0.9.0/appconfig/config.go:95) to github.com/cosmos/cosmos-sdk/runtime.ProvideKVStoreService
   Providing ModuleKey crisis
   Providing *runtime.AppBuilder from github.com/cosmos/cosmos-sdk/runtime.ProvideApp (/Users/dev/go/pkg/mod/github.com/cosmos/cosmos-sdk@v0.50.0-alpha.1/runtime/module.go:81) to github.com/cosmos/cosmos-sdk/runtime.ProvideKVStoreService
  Calling github.com/cosmos/cosmos-sdk/runtime.ProvideKVStoreService (/Users/dev/go/pkg/mod/github.com/cosmos/cosmos-sdk@v0.50.0-alpha.1/runtime/module.go:232)
  Providing codec.Codec from github.com/cosmos/cosmos-sdk/runtime.ProvideApp (/Users/dev/go/pkg/mod/github.com/cosmos/cosmos-sdk@v0.50.0-alpha.1/runtime/module.go:81) to github.com/cosmos/cosmos-sdk/x/crisis.ProvideModule
  Providing zero value for optional dependency types.AppOptions
  Providing keeper.BaseKeeper from github.com/cosmos/cosmos-sdk/x/bank.ProvideModule (/Users/dev/go/pkg/mod/github.com/cosmos/cosmos-sdk@v0.50.0-alpha.1/x/bank/module.go:235) to github.com/cosmos/cosmos-sdk/x/crisis.ProvideModule
  Providing address.Codec from github.com/cosmos/cosmos-sdk/x/auth.ProvideAddressCodec (/Users/dev/go/pkg/mod/github.com/cosmos/cosmos-sdk@v0.50.0-alpha.1/x/auth/module.go:217) to github.com/cosmos/cosmos-sdk/x/crisis.ProvideModule
  Providing types.Subspace from github.com/cosmos/cosmos-sdk/x/params.ProvideSubspace (/Users/dev/go/pkg/mod/github.com/cosmos/cosmos-sdk@v0.50.0-alpha.1/x/params/module.go:156) to github.com/cosmos/cosmos-sdk/x/crisis.ProvideModule
  Resolving dependencies for github.com/cosmos/cosmos-sdk/x/params.ProvideSubspace (/Users/dev/go/pkg/mod/github.com/cosmos/cosmos-sdk@v0.50.0-alpha.1/x/params/module.go:156)
   Providing ModuleKey crisis
   Providing keeper.Keeper from github.com/cosmos/cosmos-sdk/x/params.ProvideModule (/Users/dev/go/pkg/mod/github.com/cosmos/cosmos-sdk@v0.50.0-alpha.1/x/params/module.go:139) to github.com/cosmos/cosmos-sdk/x/params.ProvideSubspace
   Providing one-per-module type map map[string]types.KeyTable to github.com/cosmos/cosmos-sdk/x/params.ProvideSubspace from:
    gov: github.com/cosmos/cosmos-sdk/x/gov.ProvideKeyTable (/Users/dev/go/pkg/mod/github.com/cosmos/cosmos-sdk@v0.50.0-alpha.1/x/gov/module.go:222)
  Calling github.com/cosmos/cosmos-sdk/x/params.ProvideSubspace (/Users/dev/go/pkg/mod/github.com/cosmos/cosmos-sdk@v0.50.0-alpha.1/x/params/module.go:156)
 Calling github.com/cosmos/cosmos-sdk/x/crisis.ProvideModule (/Users/dev/go/pkg/mod/github.com/cosmos/cosmos-sdk@v0.50.0-alpha.1/x/crisis/module.go:215)
 Resolving dependencies for pkg.berachain.dev/polaris/cosmos/x/evm.ProvideModule (/Users/dev/go/src/workspace/polaris-workspace/polaris/cosmos/x/evm/depinject.go:68)
  Providing OwnModuleKey evm
  Supplying *modulev1alpha1.Module from cosmossdk.io/core/appconfig.Compose (/Users/dev/go/pkg/mod/cosmossdk.io/core@v0.9.0/appconfig/config.go:95) to pkg.berachain.dev/polaris/cosmos/x/evm.ProvideModule
  Providing *types.KVStoreKey from github.com/cosmos/cosmos-sdk/runtime.ProvideKVStoreKey (/Users/dev/go/pkg/mod/github.com/cosmos/cosmos-sdk@v0.50.0-alpha.1/runtime/module.go:201) to pkg.berachain.dev/polaris/cosmos/x/evm.ProvideModule
  Resolving dependencies for github.com/cosmos/cosmos-sdk/runtime.ProvideKVStoreKey (/Users/dev/go/pkg/mod/github.com/cosmos/cosmos-sdk@v0.50.0-alpha.1/runtime/module.go:201)
   Supplying *runtimev1alpha1.Module from cosmossdk.io/core/appconfig.Compose (/Users/dev/go/pkg/mod/cosmossdk.io/core@v0.9.0/appconfig/config.go:95) to github.com/cosmos/cosmos-sdk/runtime.ProvideKVStoreKey
   Providing ModuleKey evm
   Providing *runtime.AppBuilder from github.com/cosmos/cosmos-sdk/runtime.ProvideApp (/Users/dev/go/pkg/mod/github.com/cosmos/cosmos-sdk@v0.50.0-alpha.1/runtime/module.go:81) to github.com/cosmos/cosmos-sdk/runtime.ProvideKVStoreKey
  Calling github.com/cosmos/cosmos-sdk/runtime.ProvideKVStoreKey (/Users/dev/go/pkg/mod/github.com/cosmos/cosmos-sdk@v0.50.0-alpha.1/runtime/module.go:201)
  Implicitly registering resolver *mempool.EthTxPool for interface type mempool.Mempool
  Supplying *mempool.EthTxPool from pkg.berachain.dev/polaris/cosmos/simapp/polard/cmd.NewRootCmd (/Users/dev/go/src/workspace/polaris-workspace/polaris/cosmos/simapp/polard/cmd/root.go:82) to pkg.berachain.dev/polaris/cosmos/x/evm.ProvideModule
  Providing zero value for optional dependency func() *precompile.Injector
  Providing keeper.AccountKeeper from github.com/cosmos/cosmos-sdk/x/auth.ProvideModule (/Users/dev/go/pkg/mod/github.com/cosmos/cosmos-sdk@v0.50.0-alpha.1/x/auth/module.go:257) to pkg.berachain.dev/polaris/cosmos/x/evm.ProvideModule
  Error: can't resolve type pkg.berachain.dev/polaris/cosmos/x/evm/evm.StakingKeeper for pkg.berachain.dev/polaris/cosmos/x/evm.ProvideModule (/Users/dev/go/src/workspace/polaris-workspace/polaris/cosmos/x/evm/depinject.go:68):
	while resolving:
		evm.StakingKeeper for pkg.berachain.dev/polaris/cosmos/x/evm.ProvideModule (/Users/dev/go/src/workspace/polaris-workspace/polaris/cosmos/x/evm/depinject.go:68)
		func() *precompile.Injector for pkg.berachain.dev/polaris/cosmos/x/evm.ProvideModule (/Users/dev/go/src/workspace/polaris-workspace/polaris/cosmos/x/evm/depinject.go:68)
		*types.KVStoreKey for pkg.berachain.dev/polaris/cosmos/x/evm.ProvideModule (/Users/dev/go/src/workspace/polaris-workspace/polaris/cosmos/x/evm/depinject.go:68)
		depinject.OwnModuleKey for pkg.berachain.dev/polaris/cosmos/x/evm.ProvideModule (/Users/dev/go/src/workspace/polaris-workspace/polaris/cosmos/x/evm/depinject.go:68)
		exported.Subspace for github.com/cosmos/cosmos-sdk/x/crisis.ProvideModule (/Users/dev/go/pkg/mod/github.com/cosmos/cosmos-sdk@v0.50.0-alpha.1/x/crisis/module.go:215)
		types.AppOptions for github.com/cosmos/cosmos-sdk/x/crisis.ProvideModule (/Users/dev/go/pkg/mod/github.com/cosmos/cosmos-sdk@v0.50.0-alpha.1/x/crisis/module.go:215)
		store.KVStoreService for github.com/cosmos/cosmos-sdk/x/crisis.ProvideModule (/Users/dev/go/pkg/mod/github.com/cosmos/cosmos-sdk@v0.50.0-alpha.1/x/crisis/module.go:215)
		*types.KVStoreKey for pkg.berachain.dev/polaris/cosmos/x/erc20.ProvideModule (/Users/dev/go/src/workspace/polaris-workspace/polaris/cosmos/x/erc20/depinject.go:60)
		depinject.OwnModuleKey for pkg.berachain.dev/polaris/cosmos/x/erc20.ProvideModule (/Users/dev/go/src/workspace/polaris-workspace/polaris/cosmos/x/erc20/depinject.go:60)
		store.KVStoreService for github.com/cosmos/cosmos-sdk/x/consensus.ProvideModule (/Users/dev/go/pkg/mod/github.com/cosmos/cosmos-sdk@v0.50.0-alpha.1/x/consensus/module.go:161)
		types.ParamSubspace for github.com/cosmos/cosmos-sdk/x/gov.ProvideModule (/Users/dev/go/pkg/mod/github.com/cosmos/cosmos-sdk@v0.50.0-alpha.1/x/gov/module.go:193)
		depinject.OwnModuleKey for github.com/cosmos/cosmos-sdk/x/gov.ProvideModule (/Users/dev/go/pkg/mod/github.com/cosmos/cosmos-sdk@v0.50.0-alpha.1/x/gov/module.go:193)
		store.KVStoreService for github.com/cosmos/cosmos-sdk/x/gov.ProvideModule (/Users/dev/go/pkg/mod/github.com/cosmos/cosmos-sdk@v0.50.0-alpha.1/x/gov/module.go:193)
		store.KVStoreService for cosmossdk.io/x/evidence.ProvideModule (/Users/dev/go/pkg/mod/github.com/cosmos/cosmos-sdk/x/evidence@v0.0.0-20230704160919-88f2c830b0ca/module.go:223)
		exported.Subspace for github.com/cosmos/cosmos-sdk/x/distribution.ProvideModule (/Users/dev/go/pkg/mod/github.com/cosmos/cosmos-sdk@v0.50.0-alpha.1/x/distribution/module.go:243)
		store.KVStoreService for github.com/cosmos/cosmos-sdk/x/distribution.ProvideModule (/Users/dev/go/pkg/mod/github.com/cosmos/cosmos-sdk@v0.50.0-alpha.1/x/distribution/module.go:243)
		store.KVStoreService for github.com/cosmos/cosmos-sdk/x/authz/module.ProvideModule (/Users/dev/go/pkg/mod/github.com/cosmos/cosmos-sdk@v0.50.0-alpha.1/x/authz/module/module.go:189)
		exported.Subspace for github.com/cosmos/cosmos-sdk/x/slashing.ProvideModule (/Users/dev/go/pkg/mod/github.com/cosmos/cosmos-sdk@v0.50.0-alpha.1/x/slashing/module.go:251)
		store.KVStoreService for github.com/cosmos/cosmos-sdk/x/slashing.ProvideModule (/Users/dev/go/pkg/mod/github.com/cosmos/cosmos-sdk@v0.50.0-alpha.1/x/slashing/module.go:251)
		types.AppOptions for cosmossdk.io/x/upgrade.ProvideModule (/Users/dev/go/pkg/mod/cosmossdk.io/x/upgrade@v0.0.0-20230704191127-8d80df8e3c5a/module.go:202)
		store.KVStoreService for cosmossdk.io/x/upgrade.ProvideModule (/Users/dev/go/pkg/mod/cosmossdk.io/x/upgrade@v0.0.0-20230704191127-8d80df8e3c5a/module.go:202)
		store.KVStoreService for github.com/cosmos/cosmos-sdk/x/staking.ProvideModule (/Users/dev/go/pkg/mod/github.com/cosmos/cosmos-sdk@v0.50.0-alpha.1/x/staking/module.go:231)
		types.StakingKeeper for github.com/cosmos/cosmos-sdk/x/mint.ProvideModule (/Users/dev/go/pkg/mod/github.com/cosmos/cosmos-sdk@v0.50.0-alpha.1/x/mint/module.go:239)
		exported.Subspace for github.com/cosmos/cosmos-sdk/x/mint.ProvideModule (/Users/dev/go/pkg/mod/github.com/cosmos/cosmos-sdk@v0.50.0-alpha.1/x/mint/module.go:239)
		types.InflationCalculationFn for github.com/cosmos/cosmos-sdk/x/mint.ProvideModule (/Users/dev/go/pkg/mod/github.com/cosmos/cosmos-sdk@v0.50.0-alpha.1/x/mint/module.go:239)
		store.KVStoreService for github.com/cosmos/cosmos-sdk/x/mint.ProvideModule (/Users/dev/go/pkg/mod/github.com/cosmos/cosmos-sdk@v0.50.0-alpha.1/x/mint/module.go:239)
		depinject.OwnModuleKey for github.com/cosmos/cosmos-sdk/x/mint.ProvideModule (/Users/dev/go/pkg/mod/github.com/cosmos/cosmos-sdk@v0.50.0-alpha.1/x/mint/module.go:239)
		map[string]appmodule.AppModule for pkg.berachain.dev/polaris/cosmos/simapp/polard/cmd.NewRootCmd (/Users/dev/go/src/workspace/polaris-workspace/polaris/cosmos/simapp/polard/cmd/root.go:82)
		ante.FeegrantKeeper for github.com/cosmos/cosmos-sdk/x/auth/tx/config.ProvideModule (/Users/dev/go/pkg/mod/github.com/cosmos/cosmos-sdk@v0.50.0-alpha.1/x/auth/tx/config/config.go:64)
		depinject.ModuleKey for github.com/cosmos/cosmos-sdk/x/params.ProvideSubspace (/Users/dev/go/pkg/mod/github.com/cosmos/cosmos-sdk@v0.50.0-alpha.1/x/params/module.go:156)
		exported.Subspace for github.com/cosmos/cosmos-sdk/x/auth.ProvideModule (/Users/dev/go/pkg/mod/github.com/cosmos/cosmos-sdk@v0.50.0-alpha.1/x/auth/module.go:257)
		func() types.AccountI for github.com/cosmos/cosmos-sdk/x/auth.ProvideModule (/Users/dev/go/pkg/mod/github.com/cosmos/cosmos-sdk@v0.50.0-alpha.1/x/auth/module.go:257)
		types.RandomGenesisAccountsFn for github.com/cosmos/cosmos-sdk/x/auth.ProvideModule (/Users/dev/go/pkg/mod/github.com/cosmos/cosmos-sdk@v0.50.0-alpha.1/x/auth/module.go:257)
		func() address.Codec for github.com/cosmos/cosmos-sdk/x/auth.ProvideAddressCodec (/Users/dev/go/pkg/mod/github.com/cosmos/cosmos-sdk@v0.50.0-alpha.1/x/auth/module.go:217)
		address.Codec for github.com/cosmos/cosmos-sdk/x/auth.ProvideModule (/Users/dev/go/pkg/mod/github.com/cosmos/cosmos-sdk@v0.50.0-alpha.1/x/auth/module.go:257)
		store.KVStoreService for github.com/cosmos/cosmos-sdk/x/auth.ProvideModule (/Users/dev/go/pkg/mod/github.com/cosmos/cosmos-sdk@v0.50.0-alpha.1/x/auth/module.go:257)
		types.AccountKeeper for github.com/cosmos/cosmos-sdk/x/bank.ProvideModule (/Users/dev/go/pkg/mod/github.com/cosmos/cosmos-sdk@v0.50.0-alpha.1/x/bank/module.go:235)
		store.KVStoreService for github.com/cosmos/cosmos-sdk/x/bank.ProvideModule (/Users/dev/go/pkg/mod/github.com/cosmos/cosmos-sdk@v0.50.0-alpha.1/x/bank/module.go:235)
		types.BankKeeper for github.com/cosmos/cosmos-sdk/x/auth/tx/config.ProvideModule (/Users/dev/go/pkg/mod/github.com/cosmos/cosmos-sdk@v0.50.0-alpha.1/x/auth/tx/config/config.go:64)
		client.TxConfig for pkg.berachain.dev/polaris/cosmos/simapp/polard/cmd.NewRootCmd (/Users/dev/go/src/workspace/polaris-workspace/polaris/cosmos/simapp/polard/cmd/root.go:82)
  Saved graph of container to /Users/dev/go/src/workspace/polaris-workspace/polaris/debug_container.dot
